start time : 1639408056.6144342

Files already downloaded and verified
Files already downloaded and verified
0
[10, 10, 10, 10, 10, 10, 10, 10, 10, 10]
1
[10, 10, 10, 10, 10, 10, 10, 10, 10, 10]
2
[10, 10, 10, 10, 10, 10, 10, 10, 10, 10]
3
[10, 10, 10, 10, 10, 10, 10, 10, 10, 10]
4
[10, 10, 10, 10, 10, 10, 10, 10, 10, 10]
5
[10, 10, 10, 10, 10, 10, 10, 10, 10, 10]
6
[10, 10, 10, 10, 10, 10, 10, 10, 10, 10]
7
[10, 10, 10, 10, 10, 10, 10, 10, 10, 10]
8
[10, 10, 10, 10, 10, 10, 10, 10, 10, 10]
9
[10, 10, 10, 10, 10, 10, 10, 10, 10, 10]
==> Resuming from checkpoint..
ckpt816/cifar100-10-npcl1-unknownclasss0.1-prevtask-dev/ckpt_task0.pth
==> Resuming from checkpoint..
ckpt816/cifar100-10-npcl1-unknownclasss0.1-prevtask-dev/ckpt_task1.pth
==> Resuming from checkpoint..
ckpt816/cifar100-10-npcl1-unknownclasss0.1-prevtask-dev/ckpt_task2.pth
==> Resuming from checkpoint..
ckpt816/cifar100-10-npcl1-unknownclasss0.1-prevtask-dev/ckpt_task3.pth
==> Resuming from checkpoint..
ckpt816/cifar100-10-npcl1-unknownclasss0.1-prevtask-dev/ckpt_task4.pth
==> Resuming from checkpoint..
ckpt816/cifar100-10-npcl1-unknownclasss0.1-prevtask-dev/ckpt_task5.pth
==> Resuming from checkpoint..
ckpt816/cifar100-10-npcl1-unknownclasss0.1-prevtask-dev/ckpt_task6.pth
==> Resuming from checkpoint..
ckpt816/cifar100-10-npcl1-unknownclasss0.1-prevtask-dev/ckpt_task7.pth
==> Resuming from checkpoint..
ckpt816/cifar100-10-npcl1-unknownclasss0.1-prevtask-dev/ckpt_task8.pth
==> Resuming from checkpoint..
ckpt816/cifar100-10-npcl1-unknownclasss0.1-prevtask-dev/ckpt_task9.pth
#######################################################
Testing Task :---0
[Test Accuracy: 92.200000], [Loss: 0.350910] [Correct: 1.000000]
acc: 92.2  Correct:  1.0
#######################################################
Testing Task :---0
task 0 : 87/128
task 1 : 41/128
task 0 : 88/128
task 1 : 40/128
task 0 : 84/128
task 1 : 44/128
task 0 : 95/128
task 1 : 33/128
task 0 : 89/128
task 1 : 39/128
task 0 : 93/128
task 1 : 35/128
task 0 : 96/128
task 1 : 32/128
task 0 : 73/104
task 1 : 31/104
[Test Accuracy: 65.900000], [Loss: 0.301834] [Correct: 0.705000]
Testing Task :---1
task 0 : 19/128
task 1 : 109/128
task 0 : 13/128
task 1 : 115/128
task 0 : 14/128
task 1 : 114/128
task 0 : 25/128
task 1 : 103/128
task 0 : 15/128
task 1 : 113/128
task 0 : 18/128
task 1 : 110/128
task 0 : 17/128
task 1 : 111/128
task 0 : 13/104
task 1 : 91/104
[Test Accuracy: 80.000000], [Loss: 0.317234] [Correct: 0.866000]
acc: 72.95  Correct:  0.7855
#######################################################
Testing Task :---0
task 0 : 67/128
task 1 : 16/128
task 2 : 45/128
task 0 : 66/128
task 1 : 12/128
task 2 : 50/128
task 0 : 58/128
task 1 : 21/128
task 2 : 49/128
task 0 : 75/128
task 1 : 11/128
task 2 : 42/128
task 0 : 66/128
task 1 : 17/128
task 2 : 45/128
task 0 : 70/128
task 1 : 10/128
task 2 : 48/128
task 0 : 66/128
task 1 : 16/128
task 2 : 46/128
task 0 : 54/104
task 1 : 11/104
task 2 : 39/104
[Test Accuracy: 50.200000], [Loss: 0.223536] [Correct: 0.522000]
Testing Task :---1
task 0 : 39/128
task 1 : 60/128
task 2 : 29/128
task 0 : 34/128
task 1 : 71/128
task 2 : 23/128
task 0 : 34/128
task 1 : 74/128
task 2 : 20/128
task 0 : 33/128
task 1 : 63/128
task 2 : 32/128
task 0 : 31/128
task 1 : 66/128
task 2 : 31/128
task 0 : 42/128
task 1 : 64/128
task 2 : 22/128
task 0 : 34/128
task 1 : 71/128
task 2 : 23/128
task 0 : 22/104
task 1 : 63/104
task 2 : 19/104
[Test Accuracy: 48.100000], [Loss: 0.363843] [Correct: 0.532000]
Testing Task :---2
task 0 : 12/128
task 1 : 10/128
task 2 : 106/128
task 0 : 9/128
task 1 : 14/128
task 2 : 105/128
task 0 : 10/128
task 1 : 11/128
task 2 : 107/128
task 0 : 12/128
task 1 : 10/128
task 2 : 106/128
task 0 : 12/128
task 1 : 14/128
task 2 : 102/128
task 0 : 8/128
task 1 : 6/128
task 2 : 114/128
task 0 : 16/128
task 1 : 10/128
task 2 : 102/128
task 0 : 10/104
task 1 : 9/104
task 2 : 85/104
[Test Accuracy: 78.200000], [Loss: 0.266641] [Correct: 0.827000]
acc: 58.833333333333336  Correct:  0.627
#######################################################
Testing Task :---0
task 0 : 53/128
task 1 : 17/128
task 2 : 15/128
task 3 : 43/128
task 0 : 58/128
task 1 : 18/128
task 2 : 18/128
task 3 : 34/128
task 0 : 54/128
task 1 : 22/128
task 2 : 13/128
task 3 : 39/128
task 0 : 59/128
task 1 : 11/128
task 2 : 20/128
task 3 : 38/128
task 0 : 58/128
task 1 : 10/128
task 2 : 20/128
task 3 : 40/128
task 0 : 59/128
task 1 : 12/128
task 2 : 19/128
task 3 : 38/128
task 0 : 61/128
task 1 : 19/128
task 2 : 12/128
task 3 : 36/128
task 0 : 41/104
task 1 : 16/104
task 2 : 10/104
task 3 : 37/104
[Test Accuracy: 42.600000], [Loss: 0.234610] [Correct: 0.443000]
Testing Task :---1
task 0 : 25/128
task 1 : 47/128
task 2 : 8/128
task 3 : 48/128
task 0 : 19/128
task 1 : 54/128
task 2 : 8/128
task 3 : 47/128
task 0 : 22/128
task 1 : 53/128
task 2 : 9/128
task 3 : 44/128
task 0 : 23/128
task 1 : 39/128
task 2 : 10/128
task 3 : 56/128
task 0 : 18/128
task 1 : 62/128
task 2 : 4/128
task 3 : 44/128
task 0 : 27/128
task 1 : 45/128
task 2 : 6/128
task 3 : 50/128
task 0 : 19/128
task 1 : 53/128
task 2 : 8/128
task 3 : 48/128
task 0 : 16/104
task 1 : 50/104
task 2 : 6/104
task 3 : 32/104
[Test Accuracy: 36.100000], [Loss: 0.361914] [Correct: 0.403000]
Testing Task :---2
task 0 : 20/128
task 1 : 36/128
task 2 : 53/128
task 3 : 19/128
task 0 : 14/128
task 1 : 39/128
task 2 : 64/128
task 3 : 11/128
task 0 : 15/128
task 1 : 42/128
task 2 : 56/128
task 3 : 15/128
task 0 : 12/128
task 1 : 45/128
task 2 : 60/128
task 3 : 11/128
task 0 : 17/128
task 1 : 42/128
task 2 : 61/128
task 3 : 8/128
task 0 : 10/128
task 1 : 33/128
task 2 : 75/128
task 3 : 10/128
task 0 : 17/128
task 1 : 41/128
task 2 : 56/128
task 3 : 14/128
task 0 : 11/104
task 1 : 22/104
task 2 : 56/104
task 3 : 15/104
[Test Accuracy: 45.200000], [Loss: 0.279489] [Correct: 0.481000]
Testing Task :---3
task 0 : 12/128
task 1 : 14/128
task 2 : 3/128
task 3 : 99/128
task 0 : 9/128
task 1 : 7/128
task 2 : 7/128
task 3 : 105/128
task 0 : 5/128
task 1 : 6/128
task 2 : 14/128
task 3 : 103/128
task 0 : 10/128
task 1 : 15/128
task 2 : 8/128
task 3 : 95/128
task 0 : 10/128
task 1 : 5/128
task 2 : 6/128
task 3 : 107/128
task 0 : 12/128
task 1 : 9/128
task 2 : 9/128
task 3 : 98/128
task 0 : 8/128
task 1 : 8/128
task 2 : 10/128
task 3 : 102/128
task 0 : 6/104
task 1 : 12/104
task 2 : 5/104
task 3 : 81/104
[Test Accuracy: 74.700000], [Loss: 0.264558] [Correct: 0.790000]
acc: 49.650000000000006  Correct:  0.52925
#######################################################
Testing Task :---0
task 0 : 39/128
task 1 : 15/128
task 2 : 13/128
task 3 : 11/128
task 4 : 50/128
task 0 : 34/128
task 1 : 12/128
task 2 : 18/128
task 3 : 12/128
task 4 : 52/128
task 0 : 34/128
task 1 : 15/128
task 2 : 18/128
task 3 : 14/128
task 4 : 47/128
task 0 : 40/128
task 1 : 7/128
task 2 : 17/128
task 3 : 15/128
task 4 : 49/128
task 0 : 38/128
task 1 : 8/128
task 2 : 19/128
task 3 : 12/128
task 4 : 51/128
task 0 : 34/128
task 1 : 10/128
task 2 : 20/128
task 3 : 17/128
task 4 : 47/128
task 0 : 46/128
task 1 : 14/128
task 2 : 13/128
task 3 : 15/128
task 4 : 40/128
task 0 : 32/104
task 1 : 12/104
task 2 : 13/104
task 3 : 17/104
task 4 : 30/104
[Test Accuracy: 28.700000], [Loss: 0.218859] [Correct: 0.297000]
Testing Task :---1
task 0 : 18/128
task 1 : 37/128
task 2 : 13/128
task 3 : 20/128
task 4 : 40/128
task 0 : 17/128
task 1 : 53/128
task 2 : 11/128
task 3 : 8/128
task 4 : 39/128
task 0 : 19/128
task 1 : 39/128
task 2 : 11/128
task 3 : 12/128
task 4 : 47/128
task 0 : 19/128
task 1 : 40/128
task 2 : 14/128
task 3 : 18/128
task 4 : 37/128
task 0 : 13/128
task 1 : 51/128
task 2 : 7/128
task 3 : 20/128
task 4 : 37/128
task 0 : 27/128
task 1 : 46/128
task 2 : 6/128
task 3 : 16/128
task 4 : 33/128
task 0 : 15/128
task 1 : 52/128
task 2 : 7/128
task 3 : 13/128
task 4 : 41/128
task 0 : 8/104
task 1 : 35/104
task 2 : 8/104
task 3 : 14/104
task 4 : 39/104
[Test Accuracy: 33.200000], [Loss: 0.237265] [Correct: 0.353000]
Testing Task :---2
task 0 : 15/128
task 1 : 23/128
task 2 : 45/128
task 3 : 7/128
task 4 : 38/128
task 0 : 7/128
task 1 : 28/128
task 2 : 47/128
task 3 : 3/128
task 4 : 43/128
task 0 : 7/128
task 1 : 22/128
task 2 : 43/128
task 3 : 5/128
task 4 : 51/128
task 0 : 6/128
task 1 : 25/128
task 2 : 47/128
task 3 : 5/128
task 4 : 45/128
task 0 : 12/128
task 1 : 26/128
task 2 : 51/128
task 3 : 3/128
task 4 : 36/128
task 0 : 6/128
task 1 : 21/128
task 2 : 58/128
task 3 : 2/128
task 4 : 41/128
task 0 : 12/128
task 1 : 22/128
task 2 : 45/128
task 3 : 4/128
task 4 : 45/128
task 0 : 7/104
task 1 : 13/104
task 2 : 49/104
task 3 : 6/104
task 4 : 29/104
[Test Accuracy: 36.400000], [Loss: 0.257801] [Correct: 0.385000]
Testing Task :---3
task 0 : 12/128
task 1 : 14/128
task 2 : 21/128
task 3 : 61/128
task 4 : 20/128
task 0 : 12/128
task 1 : 9/128
task 2 : 29/128
task 3 : 59/128
task 4 : 19/128
task 0 : 5/128
task 1 : 9/128
task 2 : 33/128
task 3 : 58/128
task 4 : 23/128
task 0 : 14/128
task 1 : 18/128
task 2 : 28/128
task 3 : 48/128
task 4 : 20/128
task 0 : 13/128
task 1 : 10/128
task 2 : 30/128
task 3 : 56/128
task 4 : 19/128
task 0 : 15/128
task 1 : 11/128
task 2 : 27/128
task 3 : 57/128
task 4 : 18/128
task 0 : 8/128
task 1 : 16/128
task 2 : 32/128
task 3 : 54/128
task 4 : 18/128
task 0 : 5/104
task 1 : 20/104
task 2 : 19/104
task 3 : 45/104
task 4 : 15/104
[Test Accuracy: 41.400000], [Loss: 0.260606] [Correct: 0.438000]
Testing Task :---4
task 0 : 3/128
task 1 : 7/128
task 2 : 10/128
task 3 : 9/128
task 4 : 99/128
task 0 : 3/128
task 1 : 4/128
task 2 : 8/128
task 3 : 12/128
task 4 : 101/128
task 0 : 7/128
task 1 : 8/128
task 2 : 13/128
task 3 : 11/128
task 4 : 89/128
task 0 : 6/128
task 1 : 12/128
task 2 : 8/128
task 3 : 7/128
task 4 : 95/128
task 0 : 5/128
task 1 : 9/128
task 2 : 10/128
task 3 : 11/128
task 4 : 93/128
task 0 : 3/128
task 1 : 5/128
task 2 : 5/128
task 3 : 8/128
task 4 : 107/128
task 0 : 7/128
task 1 : 14/128
task 2 : 5/128
task 3 : 7/128
task 4 : 95/128
task 0 : 5/104
task 1 : 8/104
task 2 : 7/104
task 3 : 5/104
task 4 : 79/104
[Test Accuracy: 72.100000], [Loss: 0.268365] [Correct: 0.758000]
acc: 42.36  Correct:  0.4462
#######################################################
Testing Task :---0
task 0 : 28/128
task 1 : 11/128
task 2 : 11/128
task 3 : 28/128
task 4 : 18/128
task 5 : 32/128
task 0 : 37/128
task 1 : 10/128
task 2 : 17/128
task 3 : 18/128
task 4 : 20/128
task 5 : 26/128
task 0 : 29/128
task 1 : 13/128
task 2 : 14/128
task 3 : 20/128
task 4 : 19/128
task 5 : 33/128
task 0 : 33/128
task 1 : 6/128
task 2 : 12/128
task 3 : 18/128
task 4 : 18/128
task 5 : 41/128
task 0 : 33/128
task 1 : 9/128
task 2 : 15/128
task 3 : 22/128
task 4 : 19/128
task 5 : 30/128
task 0 : 28/128
task 1 : 11/128
task 2 : 17/128
task 3 : 22/128
task 4 : 14/128
task 5 : 36/128
task 0 : 37/128
task 1 : 13/128
task 2 : 10/128
task 3 : 23/128
task 4 : 12/128
task 5 : 33/128
task 0 : 24/104
task 1 : 11/104
task 2 : 10/104
task 3 : 19/104
task 4 : 11/104
task 5 : 29/104
[Test Accuracy: 24.200000], [Loss: 0.201615] [Correct: 0.249000]
Testing Task :---1
task 0 : 19/128
task 1 : 35/128
task 2 : 10/128
task 3 : 21/128
task 4 : 10/128
task 5 : 33/128
task 0 : 16/128
task 1 : 52/128
task 2 : 8/128
task 3 : 23/128
task 4 : 6/128
task 5 : 23/128
task 0 : 14/128
task 1 : 42/128
task 2 : 9/128
task 3 : 20/128
task 4 : 13/128
task 5 : 30/128
task 0 : 15/128
task 1 : 39/128
task 2 : 10/128
task 3 : 21/128
task 4 : 11/128
task 5 : 32/128
task 0 : 19/128
task 1 : 46/128
task 2 : 4/128
task 3 : 26/128
task 4 : 5/128
task 5 : 28/128
task 0 : 22/128
task 1 : 41/128
task 2 : 4/128
task 3 : 18/128
task 4 : 11/128
task 5 : 32/128
task 0 : 19/128
task 1 : 60/128
task 2 : 5/128
task 3 : 20/128
task 4 : 4/128
task 5 : 20/128
task 0 : 11/104
task 1 : 44/104
task 2 : 6/104
task 3 : 16/104
task 4 : 12/104
task 5 : 15/104
[Test Accuracy: 34.500000], [Loss: 0.194992] [Correct: 0.359000]
Testing Task :---2
task 0 : 8/128
task 1 : 26/128
task 2 : 50/128
task 3 : 9/128
task 4 : 10/128
task 5 : 25/128
task 0 : 6/128
task 1 : 26/128
task 2 : 46/128
task 3 : 6/128
task 4 : 13/128
task 5 : 31/128
task 0 : 5/128
task 1 : 29/128
task 2 : 41/128
task 3 : 12/128
task 4 : 19/128
task 5 : 22/128
task 0 : 5/128
task 1 : 31/128
task 2 : 45/128
task 3 : 9/128
task 4 : 19/128
task 5 : 19/128
task 0 : 8/128
task 1 : 31/128
task 2 : 53/128
task 3 : 5/128
task 4 : 8/128
task 5 : 23/128
task 0 : 6/128
task 1 : 24/128
task 2 : 64/128
task 3 : 4/128
task 4 : 12/128
task 5 : 18/128
task 0 : 11/128
task 1 : 27/128
task 2 : 45/128
task 3 : 7/128
task 4 : 15/128
task 5 : 23/128
task 0 : 4/104
task 1 : 11/104
task 2 : 49/104
task 3 : 4/104
task 4 : 11/104
task 5 : 25/104
[Test Accuracy: 37.800000], [Loss: 0.205079] [Correct: 0.393000]
Testing Task :---3
task 0 : 10/128
task 1 : 12/128
task 2 : 16/128
task 3 : 43/128
task 4 : 6/128
task 5 : 41/128
task 0 : 8/128
task 1 : 8/128
task 2 : 24/128
task 3 : 54/128
task 4 : 2/128
task 5 : 32/128
task 0 : 4/128
task 1 : 7/128
task 2 : 30/128
task 3 : 57/128
task 4 : 6/128
task 5 : 24/128
task 0 : 8/128
task 1 : 14/128
task 2 : 17/128
task 3 : 47/128
task 4 : 3/128
task 5 : 39/128
task 0 : 9/128
task 1 : 11/128
task 2 : 21/128
task 3 : 51/128
task 4 : 1/128
task 5 : 35/128
task 0 : 5/128
task 1 : 11/128
task 2 : 23/128
task 3 : 45/128
task 4 : 4/128
task 5 : 40/128
task 0 : 5/128
task 1 : 10/128
task 2 : 29/128
task 3 : 49/128
task 4 : 5/128
task 5 : 30/128
task 0 : 4/104
task 1 : 15/104
task 2 : 12/104
task 3 : 36/104
task 4 : 3/104
task 5 : 34/104
[Test Accuracy: 35.900000], [Loss: 0.290550] [Correct: 0.382000]
Testing Task :---4
task 0 : 4/128
task 1 : 11/128
task 2 : 10/128
task 3 : 35/128
task 4 : 58/128
task 5 : 10/128
task 0 : 4/128
task 1 : 11/128
task 2 : 6/128
task 3 : 35/128
task 4 : 56/128
task 5 : 16/128
task 0 : 10/128
task 1 : 9/128
task 2 : 15/128
task 3 : 28/128
task 4 : 45/128
task 5 : 21/128
task 0 : 11/128
task 1 : 13/128
task 2 : 7/128
task 3 : 25/128
task 4 : 59/128
task 5 : 13/128
task 0 : 8/128
task 1 : 15/128
task 2 : 9/128
task 3 : 22/128
task 4 : 58/128
task 5 : 16/128
task 0 : 7/128
task 1 : 5/128
task 2 : 8/128
task 3 : 30/128
task 4 : 56/128
task 5 : 22/128
task 0 : 5/128
task 1 : 18/128
task 2 : 7/128
task 3 : 30/128
task 4 : 53/128
task 5 : 15/128
task 0 : 6/104
task 1 : 16/104
task 2 : 8/104
task 3 : 22/104
task 4 : 44/104
task 5 : 8/104
[Test Accuracy: 40.800000], [Loss: 0.239458] [Correct: 0.429000]
Testing Task :---5
task 0 : 2/128
task 1 : 2/128
task 2 : 4/128
task 3 : 12/128
task 4 : 11/128
task 5 : 97/128
task 0 : 4/128
task 1 : 3/128
task 2 : 8/128
task 3 : 10/128
task 4 : 11/128
task 5 : 92/128
task 0 : 4/128
task 1 : 4/128
task 2 : 5/128
task 3 : 11/128
task 4 : 11/128
task 5 : 93/128
task 0 : 4/128
task 1 : 4/128
task 2 : 6/128
task 3 : 12/128
task 4 : 12/128
task 5 : 90/128
task 0 : 2/128
task 1 : 7/128
task 2 : 3/128
task 3 : 17/128
task 4 : 11/128
task 5 : 88/128
task 0 : 3/128
task 1 : 5/128
task 2 : 5/128
task 3 : 15/128
task 4 : 7/128
task 5 : 93/128
task 0 : 12/128
task 1 : 5/128
task 2 : 7/128
task 3 : 10/128
task 4 : 9/128
task 5 : 85/128
task 0 : 4/104
task 1 : 5/104
task 2 : 3/104
task 3 : 6/104
task 4 : 13/104
task 5 : 73/104
[Test Accuracy: 66.600000], [Loss: 0.321733] [Correct: 0.711000]
acc: 39.96666666666666  Correct:  0.42050000000000004
#######################################################
Testing Task :---0
task 0 : 26/128
task 1 : 12/128
task 2 : 6/128
task 3 : 20/128
task 4 : 19/128
task 5 : 11/128
task 6 : 34/128
task 0 : 30/128
task 1 : 12/128
task 2 : 16/128
task 3 : 15/128
task 4 : 21/128
task 5 : 10/128
task 6 : 24/128
task 0 : 24/128
task 1 : 10/128
task 2 : 17/128
task 3 : 20/128
task 4 : 21/128
task 5 : 8/128
task 6 : 28/128
task 0 : 26/128
task 1 : 6/128
task 2 : 8/128
task 3 : 14/128
task 4 : 20/128
task 5 : 22/128
task 6 : 32/128
task 0 : 27/128
task 1 : 5/128
task 2 : 13/128
task 3 : 16/128
task 4 : 19/128
task 5 : 12/128
task 6 : 36/128
task 0 : 24/128
task 1 : 8/128
task 2 : 17/128
task 3 : 18/128
task 4 : 17/128
task 5 : 14/128
task 6 : 30/128
task 0 : 31/128
task 1 : 13/128
task 2 : 6/128
task 3 : 23/128
task 4 : 15/128
task 5 : 14/128
task 6 : 26/128
task 0 : 19/104
task 1 : 7/104
task 2 : 9/104
task 3 : 16/104
task 4 : 10/104
task 5 : 12/104
task 6 : 31/104
[Test Accuracy: 20.000000], [Loss: 0.226828] [Correct: 0.207000]
Testing Task :---1
task 0 : 15/128
task 1 : 28/128
task 2 : 9/128
task 3 : 20/128
task 4 : 16/128
task 5 : 10/128
task 6 : 30/128
task 0 : 12/128
task 1 : 45/128
task 2 : 8/128
task 3 : 23/128
task 4 : 6/128
task 5 : 10/128
task 6 : 24/128
task 0 : 10/128
task 1 : 41/128
task 2 : 10/128
task 3 : 18/128
task 4 : 14/128
task 5 : 16/128
task 6 : 19/128
task 0 : 12/128
task 1 : 37/128
task 2 : 9/128
task 3 : 20/128
task 4 : 15/128
task 5 : 12/128
task 6 : 23/128
task 0 : 16/128
task 1 : 40/128
task 2 : 2/128
task 3 : 20/128
task 4 : 9/128
task 5 : 14/128
task 6 : 27/128
task 0 : 17/128
task 1 : 39/128
task 2 : 4/128
task 3 : 20/128
task 4 : 15/128
task 5 : 8/128
task 6 : 25/128
task 0 : 15/128
task 1 : 51/128
task 2 : 6/128
task 3 : 19/128
task 4 : 5/128
task 5 : 5/128
task 6 : 27/128
task 0 : 10/104
task 1 : 38/104
task 2 : 8/104
task 3 : 12/104
task 4 : 12/104
task 5 : 7/104
task 6 : 17/104
[Test Accuracy: 31.300000], [Loss: 0.145095] [Correct: 0.319000]
Testing Task :---2
task 0 : 9/128
task 1 : 19/128
task 2 : 47/128
task 3 : 10/128
task 4 : 14/128
task 5 : 5/128
task 6 : 24/128
task 0 : 5/128
task 1 : 18/128
task 2 : 48/128
task 3 : 5/128
task 4 : 16/128
task 5 : 12/128
task 6 : 24/128
task 0 : 3/128
task 1 : 24/128
task 2 : 35/128
task 3 : 11/128
task 4 : 17/128
task 5 : 10/128
task 6 : 28/128
task 0 : 5/128
task 1 : 26/128
task 2 : 43/128
task 3 : 8/128
task 4 : 17/128
task 5 : 10/128
task 6 : 19/128
task 0 : 8/128
task 1 : 24/128
task 2 : 51/128
task 3 : 6/128
task 4 : 10/128
task 5 : 4/128
task 6 : 25/128
task 0 : 5/128
task 1 : 14/128
task 2 : 50/128
task 3 : 2/128
task 4 : 10/128
task 5 : 5/128
task 6 : 42/128
task 0 : 12/128
task 1 : 24/128
task 2 : 41/128
task 3 : 4/128
task 4 : 13/128
task 5 : 5/128
task 6 : 29/128
task 0 : 4/104
task 1 : 11/104
task 2 : 49/104
task 3 : 3/104
task 4 : 13/104
task 5 : 5/104
task 6 : 19/104
[Test Accuracy: 35.100000], [Loss: 0.193316] [Correct: 0.364000]
Testing Task :---3
task 0 : 8/128
task 1 : 13/128
task 2 : 12/128
task 3 : 46/128
task 4 : 9/128
task 5 : 9/128
task 6 : 31/128
task 0 : 8/128
task 1 : 4/128
task 2 : 21/128
task 3 : 55/128
task 4 : 7/128
task 5 : 9/128
task 6 : 24/128
task 0 : 5/128
task 1 : 7/128
task 2 : 27/128
task 3 : 54/128
task 4 : 6/128
task 5 : 6/128
task 6 : 23/128
task 0 : 10/128
task 1 : 19/128
task 2 : 20/128
task 3 : 43/128
task 4 : 11/128
task 5 : 9/128
task 6 : 16/128
task 0 : 5/128
task 1 : 12/128
task 2 : 25/128
task 3 : 48/128
task 4 : 4/128
task 5 : 9/128
task 6 : 25/128
task 0 : 7/128
task 1 : 6/128
task 2 : 17/128
task 3 : 47/128
task 4 : 6/128
task 5 : 14/128
task 6 : 31/128
task 0 : 2/128
task 1 : 12/128
task 2 : 28/128
task 3 : 51/128
task 4 : 6/128
task 5 : 4/128
task 6 : 25/128
task 0 : 2/104
task 1 : 12/104
task 2 : 10/104
task 3 : 38/104
task 4 : 3/104
task 5 : 15/104
task 6 : 24/104
[Test Accuracy: 35.800000], [Loss: 0.289558] [Correct: 0.382000]
Testing Task :---4
task 0 : 3/128
task 1 : 9/128
task 2 : 11/128
task 3 : 30/128
task 4 : 49/128
task 5 : 7/128
task 6 : 19/128
task 0 : 3/128
task 1 : 7/128
task 2 : 6/128
task 3 : 32/128
task 4 : 56/128
task 5 : 7/128
task 6 : 17/128
task 0 : 8/128
task 1 : 6/128
task 2 : 9/128
task 3 : 22/128
task 4 : 47/128
task 5 : 10/128
task 6 : 26/128
task 0 : 6/128
task 1 : 12/128
task 2 : 6/128
task 3 : 21/128
task 4 : 51/128
task 5 : 5/128
task 6 : 27/128
task 0 : 2/128
task 1 : 10/128
task 2 : 7/128
task 3 : 19/128
task 4 : 55/128
task 5 : 5/128
task 6 : 30/128
task 0 : 6/128
task 1 : 5/128
task 2 : 6/128
task 3 : 26/128
task 4 : 57/128
task 5 : 7/128
task 6 : 21/128
task 0 : 7/128
task 1 : 10/128
task 2 : 6/128
task 3 : 27/128
task 4 : 46/128
task 5 : 10/128
task 6 : 22/128
task 0 : 3/104
task 1 : 14/104
task 2 : 3/104
task 3 : 19/104
task 4 : 39/104
task 5 : 4/104
task 6 : 22/104
[Test Accuracy: 37.900000], [Loss: 0.268092] [Correct: 0.400000]
Testing Task :---5
task 0 : 2/128
task 1 : 12/128
task 2 : 7/128
task 3 : 15/128
task 4 : 24/128
task 5 : 58/128
task 6 : 10/128
task 0 : 4/128
task 1 : 7/128
task 2 : 8/128
task 3 : 11/128
task 4 : 20/128
task 5 : 66/128
task 6 : 12/128
task 0 : 6/128
task 1 : 6/128
task 2 : 10/128
task 3 : 14/128
task 4 : 24/128
task 5 : 58/128
task 6 : 10/128
task 0 : 5/128
task 1 : 5/128
task 2 : 9/128
task 3 : 11/128
task 4 : 26/128
task 5 : 61/128
task 6 : 11/128
task 0 : 6/128
task 1 : 10/128
task 2 : 5/128
task 3 : 19/128
task 4 : 18/128
task 5 : 56/128
task 6 : 14/128
task 0 : 4/128
task 1 : 8/128
task 2 : 9/128
task 3 : 13/128
task 4 : 22/128
task 5 : 59/128
task 6 : 13/128
task 0 : 7/128
task 1 : 6/128
task 2 : 10/128
task 3 : 11/128
task 4 : 19/128
task 5 : 58/128
task 6 : 17/128
task 0 : 8/104
task 1 : 6/104
task 2 : 5/104
task 3 : 5/104
task 4 : 26/104
task 5 : 46/104
task 6 : 8/104
[Test Accuracy: 42.400000], [Loss: 0.348154] [Correct: 0.462000]
Testing Task :---6
task 0 : 3/128
task 1 : 6/128
task 2 : 1/128
task 3 : 8/128
task 4 : 5/128
task 5 : 8/128
task 6 : 97/128
task 0 : 3/128
task 1 : 3/128
task 2 : 5/128
task 3 : 13/128
task 4 : 6/128
task 5 : 6/128
task 6 : 92/128
task 0 : 3/128
task 1 : 3/128
task 2 : 5/128
task 3 : 11/128
task 4 : 7/128
task 5 : 7/128
task 6 : 92/128
task 0 : 9/128
task 1 : 5/128
task 2 : 5/128
task 3 : 7/128
task 4 : 8/128
task 5 : 4/128
task 6 : 90/128
task 0 : 4/128
task 1 : 5/128
task 2 : 8/128
task 3 : 9/128
task 4 : 9/128
task 5 : 7/128
task 6 : 86/128
task 0 : 2/128
task 1 : 4/128
task 2 : 2/128
task 3 : 8/128
task 4 : 10/128
task 5 : 9/128
task 6 : 93/128
task 0 : 1/128
task 1 : 4/128
task 2 : 6/128
task 3 : 10/128
task 4 : 11/128
task 5 : 7/128
task 6 : 89/128
task 0 : 4/104
task 1 : 4/104
task 2 : 2/104
task 3 : 5/104
task 4 : 3/104
task 5 : 8/104
task 6 : 78/104
[Test Accuracy: 69.600000], [Loss: 0.185240] [Correct: 0.717000]
acc: 38.871428571428574  Correct:  0.40728571428571436
#######################################################
Testing Task :---0
task 0 : 18/128
task 1 : 8/128
task 2 : 6/128
task 3 : 20/128
task 4 : 16/128
task 5 : 12/128
task 6 : 9/128
task 7 : 39/128
task 0 : 22/128
task 1 : 9/128
task 2 : 13/128
task 3 : 15/128
task 4 : 15/128
task 5 : 11/128
task 6 : 5/128
task 7 : 38/128
task 0 : 17/128
task 1 : 10/128
task 2 : 12/128
task 3 : 17/128
task 4 : 14/128
task 5 : 15/128
task 6 : 5/128
task 7 : 38/128
task 0 : 21/128
task 1 : 4/128
task 2 : 8/128
task 3 : 11/128
task 4 : 18/128
task 5 : 22/128
task 6 : 8/128
task 7 : 36/128
task 0 : 30/128
task 1 : 6/128
task 2 : 12/128
task 3 : 13/128
task 4 : 19/128
task 5 : 18/128
task 6 : 5/128
task 7 : 25/128
task 0 : 21/128
task 1 : 8/128
task 2 : 16/128
task 3 : 18/128
task 4 : 9/128
task 5 : 17/128
task 6 : 9/128
task 7 : 30/128
task 0 : 23/128
task 1 : 11/128
task 2 : 8/128
task 3 : 17/128
task 4 : 16/128
task 5 : 15/128
task 6 : 3/128
task 7 : 35/128
task 0 : 17/104
task 1 : 3/104
task 2 : 7/104
task 3 : 15/104
task 4 : 8/104
task 5 : 12/104
task 6 : 5/104
task 7 : 37/104
[Test Accuracy: 16.500000], [Loss: 0.190511] [Correct: 0.169000]
Testing Task :---1
task 0 : 16/128
task 1 : 28/128
task 2 : 9/128
task 3 : 18/128
task 4 : 14/128
task 5 : 13/128
task 6 : 2/128
task 7 : 28/128
task 0 : 10/128
task 1 : 36/128
task 2 : 8/128
task 3 : 18/128
task 4 : 7/128
task 5 : 8/128
task 6 : 3/128
task 7 : 38/128
task 0 : 11/128
task 1 : 30/128
task 2 : 8/128
task 3 : 15/128
task 4 : 11/128
task 5 : 16/128
task 6 : 3/128
task 7 : 34/128
task 0 : 7/128
task 1 : 31/128
task 2 : 9/128
task 3 : 15/128
task 4 : 8/128
task 5 : 19/128
task 6 : 4/128
task 7 : 35/128
task 0 : 13/128
task 1 : 36/128
task 2 : 2/128
task 3 : 18/128
task 4 : 8/128
task 5 : 12/128
task 6 : 4/128
task 7 : 35/128
task 0 : 13/128
task 1 : 35/128
task 2 : 2/128
task 3 : 21/128
task 4 : 9/128
task 5 : 15/128
task 6 : 2/128
task 7 : 31/128
task 0 : 15/128
task 1 : 45/128
task 2 : 5/128
task 3 : 16/128
task 4 : 4/128
task 5 : 3/128
task 6 : 12/128
task 7 : 28/128
task 0 : 6/104
task 1 : 35/104
task 2 : 4/104
task 3 : 10/104
task 4 : 7/104
task 5 : 9/104
task 6 : 3/104
task 7 : 30/104
[Test Accuracy: 27.000000], [Loss: 0.147762] [Correct: 0.276000]
Testing Task :---2
task 0 : 8/128
task 1 : 21/128
task 2 : 35/128
task 3 : 7/128
task 4 : 10/128
task 5 : 9/128
task 6 : 2/128
task 7 : 36/128
task 0 : 5/128
task 1 : 22/128
task 2 : 43/128
task 3 : 5/128
task 4 : 13/128
task 5 : 13/128
task 6 : 4/128
task 7 : 23/128
task 0 : 3/128
task 1 : 25/128
task 2 : 33/128
task 3 : 7/128
task 4 : 14/128
task 5 : 10/128
task 6 : 4/128
task 7 : 32/128
task 0 : 3/128
task 1 : 24/128
task 2 : 37/128
task 3 : 5/128
task 4 : 14/128
task 5 : 11/128
task 6 : 5/128
task 7 : 29/128
task 0 : 6/128
task 1 : 23/128
task 2 : 48/128
task 3 : 4/128
task 4 : 6/128
task 5 : 5/128
task 6 : 4/128
task 7 : 32/128
task 0 : 3/128
task 1 : 18/128
task 2 : 53/128
task 3 : 2/128
task 4 : 8/128
task 5 : 11/128
task 6 : 5/128
task 7 : 28/128
task 0 : 9/128
task 1 : 23/128
task 2 : 36/128
task 3 : 5/128
task 4 : 14/128
task 5 : 8/128
task 6 : 2/128
task 7 : 31/128
task 0 : 4/104
task 1 : 8/104
task 2 : 42/104
task 3 : 3/104
task 4 : 11/104
task 5 : 9/104
task 6 : 4/104
task 7 : 23/104
[Test Accuracy: 31.600000], [Loss: 0.181502] [Correct: 0.327000]
Testing Task :---3
task 0 : 7/128
task 1 : 14/128
task 2 : 12/128
task 3 : 43/128
task 4 : 9/128
task 5 : 14/128
task 6 : 3/128
task 7 : 26/128
task 0 : 6/128
task 1 : 7/128
task 2 : 20/128
task 3 : 49/128
task 4 : 5/128
task 5 : 9/128
task 6 : 3/128
task 7 : 29/128
task 0 : 4/128
task 1 : 6/128
task 2 : 28/128
task 3 : 52/128
task 4 : 6/128
task 5 : 7/128
task 6 : 4/128
task 7 : 21/128
task 0 : 9/128
task 1 : 15/128
task 2 : 18/128
task 3 : 39/128
task 4 : 9/128
task 5 : 10/128
task 6 : 7/128
task 7 : 21/128
task 0 : 6/128
task 1 : 9/128
task 2 : 22/128
task 3 : 49/128
task 4 : 3/128
task 5 : 13/128
task 6 : 3/128
task 7 : 23/128
task 0 : 5/128
task 1 : 8/128
task 2 : 19/128
task 3 : 47/128
task 4 : 5/128
task 5 : 19/128
task 6 : 5/128
task 7 : 20/128
task 0 : 4/128
task 1 : 10/128
task 2 : 26/128
task 3 : 50/128
task 4 : 6/128
task 5 : 12/128
task 6 : 0/128
task 7 : 20/128
task 0 : 3/104
task 1 : 10/104
task 2 : 14/104
task 3 : 37/104
task 4 : 2/104
task 5 : 17/104
task 6 : 3/104
task 7 : 18/104
[Test Accuracy: 34.800000], [Loss: 0.254090] [Correct: 0.366000]
Testing Task :---4
task 0 : 3/128
task 1 : 7/128
task 2 : 7/128
task 3 : 26/128
task 4 : 42/128
task 5 : 5/128
task 6 : 5/128
task 7 : 33/128
task 0 : 3/128
task 1 : 9/128
task 2 : 6/128
task 3 : 33/128
task 4 : 48/128
task 5 : 6/128
task 6 : 1/128
task 7 : 22/128
task 0 : 7/128
task 1 : 7/128
task 2 : 9/128
task 3 : 22/128
task 4 : 39/128
task 5 : 12/128
task 6 : 5/128
task 7 : 27/128
task 0 : 4/128
task 1 : 10/128
task 2 : 5/128
task 3 : 18/128
task 4 : 48/128
task 5 : 9/128
task 6 : 5/128
task 7 : 29/128
task 0 : 5/128
task 1 : 11/128
task 2 : 6/128
task 3 : 17/128
task 4 : 36/128
task 5 : 11/128
task 6 : 4/128
task 7 : 38/128
task 0 : 3/128
task 1 : 4/128
task 2 : 6/128
task 3 : 25/128
task 4 : 46/128
task 5 : 7/128
task 6 : 7/128
task 7 : 30/128
task 0 : 5/128
task 1 : 12/128
task 2 : 5/128
task 3 : 22/128
task 4 : 41/128
task 5 : 9/128
task 6 : 4/128
task 7 : 30/128
task 0 : 2/104
task 1 : 12/104
task 2 : 5/104
task 3 : 20/104
task 4 : 36/104
task 5 : 7/104
task 6 : 3/104
task 7 : 19/104
[Test Accuracy: 32.200000], [Loss: 0.214356] [Correct: 0.336000]
Testing Task :---5
task 0 : 2/128
task 1 : 9/128
task 2 : 4/128
task 3 : 12/128
task 4 : 22/128
task 5 : 47/128
task 6 : 0/128
task 7 : 32/128
task 0 : 4/128
task 1 : 6/128
task 2 : 6/128
task 3 : 8/128
task 4 : 19/128
task 5 : 60/128
task 6 : 1/128
task 7 : 24/128
task 0 : 5/128
task 1 : 4/128
task 2 : 9/128
task 3 : 14/128
task 4 : 16/128
task 5 : 52/128
task 6 : 2/128
task 7 : 26/128
task 0 : 2/128
task 1 : 5/128
task 2 : 9/128
task 3 : 7/128
task 4 : 22/128
task 5 : 51/128
task 6 : 2/128
task 7 : 30/128
task 0 : 5/128
task 1 : 9/128
task 2 : 6/128
task 3 : 16/128
task 4 : 17/128
task 5 : 50/128
task 6 : 2/128
task 7 : 23/128
task 0 : 4/128
task 1 : 5/128
task 2 : 5/128
task 3 : 13/128
task 4 : 19/128
task 5 : 60/128
task 6 : 3/128
task 7 : 19/128
task 0 : 8/128
task 1 : 3/128
task 2 : 8/128
task 3 : 11/128
task 4 : 19/128
task 5 : 51/128
task 6 : 5/128
task 7 : 23/128
task 0 : 7/104
task 1 : 5/104
task 2 : 4/104
task 3 : 4/104
task 4 : 21/104
task 5 : 42/104
task 6 : 2/104
task 7 : 19/104
[Test Accuracy: 38.000000], [Loss: 0.358015] [Correct: 0.413000]
Testing Task :---6
task 0 : 5/128
task 1 : 9/128
task 2 : 3/128
task 3 : 14/128
task 4 : 6/128
task 5 : 28/128
task 6 : 37/128
task 7 : 26/128
task 0 : 4/128
task 1 : 3/128
task 2 : 6/128
task 3 : 17/128
task 4 : 7/128
task 5 : 25/128
task 6 : 45/128
task 7 : 21/128
task 0 : 3/128
task 1 : 4/128
task 2 : 6/128
task 3 : 15/128
task 4 : 6/128
task 5 : 28/128
task 6 : 44/128
task 7 : 22/128
task 0 : 8/128
task 1 : 8/128
task 2 : 6/128
task 3 : 15/128
task 4 : 7/128
task 5 : 25/128
task 6 : 43/128
task 7 : 16/128
task 0 : 4/128
task 1 : 10/128
task 2 : 6/128
task 3 : 12/128
task 4 : 6/128
task 5 : 21/128
task 6 : 47/128
task 7 : 22/128
task 0 : 1/128
task 1 : 10/128
task 2 : 6/128
task 3 : 11/128
task 4 : 14/128
task 5 : 28/128
task 6 : 39/128
task 7 : 19/128
task 0 : 1/128
task 1 : 8/128
task 2 : 7/128
task 3 : 18/128
task 4 : 12/128
task 5 : 22/128
task 6 : 41/128
task 7 : 19/128
task 0 : 5/104
task 1 : 10/104
task 2 : 7/104
task 3 : 14/104
task 4 : 5/104
task 5 : 17/104
task 6 : 29/104
task 7 : 17/104
[Test Accuracy: 31.500000], [Loss: 0.169844] [Correct: 0.325000]
Testing Task :---7
task 0 : 5/128
task 1 : 5/128
task 2 : 7/128
task 3 : 3/128
task 4 : 8/128
task 5 : 10/128
task 6 : 9/128
task 7 : 81/128
task 0 : 4/128
task 1 : 4/128
task 2 : 3/128
task 3 : 8/128
task 4 : 6/128
task 5 : 6/128
task 6 : 4/128
task 7 : 93/128
task 0 : 2/128
task 1 : 5/128
task 2 : 1/128
task 3 : 10/128
task 4 : 5/128
task 5 : 6/128
task 6 : 6/128
task 7 : 93/128
task 0 : 6/128
task 1 : 6/128
task 2 : 2/128
task 3 : 15/128
task 4 : 4/128
task 5 : 3/128
task 6 : 4/128
task 7 : 88/128
task 0 : 2/128
task 1 : 2/128
task 2 : 8/128
task 3 : 10/128
task 4 : 5/128
task 5 : 10/128
task 6 : 14/128
task 7 : 77/128
task 0 : 2/128
task 1 : 1/128
task 2 : 6/128
task 3 : 7/128
task 4 : 5/128
task 5 : 11/128
task 6 : 9/128
task 7 : 87/128
task 0 : 1/128
task 1 : 5/128
task 2 : 4/128
task 3 : 5/128
task 4 : 6/128
task 5 : 11/128
task 6 : 5/128
task 7 : 91/128
task 0 : 0/104
task 1 : 1/104
task 2 : 3/104
task 3 : 8/104
task 4 : 9/104
task 5 : 7/104
task 6 : 4/104
task 7 : 72/104
[Test Accuracy: 65.300000], [Loss: 0.235226] [Correct: 0.682000]
acc: 34.6125  Correct:  0.36175
#######################################################
Testing Task :---0
task 0 : 15/128
task 1 : 10/128
task 2 : 1/128
task 3 : 19/128
task 4 : 17/128
task 5 : 7/128
task 6 : 14/128
task 7 : 10/128
task 8 : 35/128
task 0 : 11/128
task 1 : 8/128
task 2 : 6/128
task 3 : 9/128
task 4 : 14/128
task 5 : 6/128
task 6 : 9/128
task 7 : 10/128
task 8 : 55/128
task 0 : 13/128
task 1 : 9/128
task 2 : 11/128
task 3 : 15/128
task 4 : 19/128
task 5 : 10/128
task 6 : 7/128
task 7 : 5/128
task 8 : 39/128
task 0 : 22/128
task 1 : 4/128
task 2 : 5/128
task 3 : 11/128
task 4 : 16/128
task 5 : 18/128
task 6 : 15/128
task 7 : 7/128
task 8 : 30/128
task 0 : 23/128
task 1 : 4/128
task 2 : 10/128
task 3 : 11/128
task 4 : 12/128
task 5 : 12/128
task 6 : 10/128
task 7 : 4/128
task 8 : 42/128
task 0 : 15/128
task 1 : 6/128
task 2 : 13/128
task 3 : 16/128
task 4 : 12/128
task 5 : 12/128
task 6 : 11/128
task 7 : 6/128
task 8 : 37/128
task 0 : 18/128
task 1 : 9/128
task 2 : 5/128
task 3 : 15/128
task 4 : 10/128
task 5 : 14/128
task 6 : 8/128
task 7 : 10/128
task 8 : 39/128
task 0 : 15/104
task 1 : 3/104
task 2 : 8/104
task 3 : 14/104
task 4 : 7/104
task 5 : 10/104
task 6 : 10/104
task 7 : 10/104
task 8 : 27/104
[Test Accuracy: 12.900000], [Loss: 0.175327] [Correct: 0.132000]
Testing Task :---1
task 0 : 15/128
task 1 : 27/128
task 2 : 7/128
task 3 : 17/128
task 4 : 13/128
task 5 : 10/128
task 6 : 7/128
task 7 : 6/128
task 8 : 26/128
task 0 : 11/128
task 1 : 36/128
task 2 : 7/128
task 3 : 18/128
task 4 : 7/128
task 5 : 8/128
task 6 : 13/128
task 7 : 7/128
task 8 : 21/128
task 0 : 8/128
task 1 : 35/128
task 2 : 6/128
task 3 : 15/128
task 4 : 11/128
task 5 : 18/128
task 6 : 7/128
task 7 : 7/128
task 8 : 21/128
task 0 : 7/128
task 1 : 27/128
task 2 : 8/128
task 3 : 16/128
task 4 : 11/128
task 5 : 15/128
task 6 : 7/128
task 7 : 7/128
task 8 : 30/128
task 0 : 14/128
task 1 : 32/128
task 2 : 3/128
task 3 : 17/128
task 4 : 8/128
task 5 : 11/128
task 6 : 9/128
task 7 : 8/128
task 8 : 26/128
task 0 : 13/128
task 1 : 28/128
task 2 : 3/128
task 3 : 15/128
task 4 : 7/128
task 5 : 11/128
task 6 : 8/128
task 7 : 10/128
task 8 : 33/128
task 0 : 10/128
task 1 : 39/128
task 2 : 5/128
task 3 : 15/128
task 4 : 4/128
task 5 : 2/128
task 6 : 14/128
task 7 : 8/128
task 8 : 31/128
task 0 : 2/104
task 1 : 30/104
task 2 : 4/104
task 3 : 13/104
task 4 : 9/104
task 5 : 8/104
task 6 : 7/104
task 7 : 8/104
task 8 : 23/104
[Test Accuracy: 25.200000], [Loss: 0.105844] [Correct: 0.254000]
Testing Task :---2
task 0 : 6/128
task 1 : 18/128
task 2 : 37/128
task 3 : 5/128
task 4 : 11/128
task 5 : 7/128
task 6 : 5/128
task 7 : 12/128
task 8 : 27/128
task 0 : 5/128
task 1 : 15/128
task 2 : 41/128
task 3 : 5/128
task 4 : 9/128
task 5 : 10/128
task 6 : 5/128
task 7 : 6/128
task 8 : 32/128
task 0 : 4/128
task 1 : 18/128
task 2 : 26/128
task 3 : 4/128
task 4 : 13/128
task 5 : 9/128
task 6 : 3/128
task 7 : 12/128
task 8 : 39/128
task 0 : 4/128
task 1 : 21/128
task 2 : 33/128
task 3 : 6/128
task 4 : 12/128
task 5 : 6/128
task 6 : 8/128
task 7 : 9/128
task 8 : 29/128
task 0 : 4/128
task 1 : 23/128
task 2 : 36/128
task 3 : 2/128
task 4 : 6/128
task 5 : 5/128
task 6 : 11/128
task 7 : 7/128
task 8 : 34/128
task 0 : 3/128
task 1 : 14/128
task 2 : 47/128
task 3 : 2/128
task 4 : 8/128
task 5 : 8/128
task 6 : 7/128
task 7 : 7/128
task 8 : 32/128
task 0 : 8/128
task 1 : 22/128
task 2 : 34/128
task 3 : 3/128
task 4 : 12/128
task 5 : 9/128
task 6 : 6/128
task 7 : 10/128
task 8 : 24/128
task 0 : 4/104
task 1 : 9/104
task 2 : 37/104
task 3 : 2/104
task 4 : 12/104
task 5 : 7/104
task 6 : 8/104
task 7 : 8/104
task 8 : 17/104
[Test Accuracy: 28.200000], [Loss: 0.181789] [Correct: 0.291000]
Testing Task :---3
task 0 : 8/128
task 1 : 9/128
task 2 : 10/128
task 3 : 44/128
task 4 : 9/128
task 5 : 12/128
task 6 : 5/128
task 7 : 6/128
task 8 : 25/128
task 0 : 5/128
task 1 : 7/128
task 2 : 12/128
task 3 : 45/128
task 4 : 4/128
task 5 : 9/128
task 6 : 7/128
task 7 : 9/128
task 8 : 30/128
task 0 : 2/128
task 1 : 4/128
task 2 : 26/128
task 3 : 48/128
task 4 : 6/128
task 5 : 8/128
task 6 : 4/128
task 7 : 4/128
task 8 : 26/128
task 0 : 5/128
task 1 : 12/128
task 2 : 16/128
task 3 : 35/128
task 4 : 6/128
task 5 : 8/128
task 6 : 5/128
task 7 : 9/128
task 8 : 32/128
task 0 : 3/128
task 1 : 9/128
task 2 : 22/128
task 3 : 47/128
task 4 : 1/128
task 5 : 11/128
task 6 : 7/128
task 7 : 3/128
task 8 : 25/128
task 0 : 4/128
task 1 : 6/128
task 2 : 17/128
task 3 : 44/128
task 4 : 5/128
task 5 : 17/128
task 6 : 6/128
task 7 : 4/128
task 8 : 25/128
task 0 : 3/128
task 1 : 10/128
task 2 : 20/128
task 3 : 48/128
task 4 : 4/128
task 5 : 11/128
task 6 : 0/128
task 7 : 4/128
task 8 : 28/128
task 0 : 2/104
task 1 : 10/104
task 2 : 11/104
task 3 : 30/104
task 4 : 2/104
task 5 : 13/104
task 6 : 7/104
task 7 : 7/104
task 8 : 22/104
[Test Accuracy: 32.700000], [Loss: 0.220255] [Correct: 0.341000]
Testing Task :---4
task 0 : 2/128
task 1 : 9/128
task 2 : 10/128
task 3 : 22/128
task 4 : 32/128
task 5 : 5/128
task 6 : 9/128
task 7 : 10/128
task 8 : 29/128
task 0 : 3/128
task 1 : 9/128
task 2 : 5/128
task 3 : 26/128
task 4 : 46/128
task 5 : 4/128
task 6 : 3/128
task 7 : 7/128
task 8 : 25/128
task 0 : 8/128
task 1 : 7/128
task 2 : 9/128
task 3 : 19/128
task 4 : 35/128
task 5 : 10/128
task 6 : 10/128
task 7 : 5/128
task 8 : 25/128
task 0 : 5/128
task 1 : 9/128
task 2 : 5/128
task 3 : 18/128
task 4 : 38/128
task 5 : 8/128
task 6 : 7/128
task 7 : 10/128
task 8 : 28/128
task 0 : 4/128
task 1 : 11/128
task 2 : 4/128
task 3 : 18/128
task 4 : 42/128
task 5 : 9/128
task 6 : 7/128
task 7 : 9/128
task 8 : 24/128
task 0 : 1/128
task 1 : 3/128
task 2 : 3/128
task 3 : 23/128
task 4 : 45/128
task 5 : 4/128
task 6 : 9/128
task 7 : 12/128
task 8 : 28/128
task 0 : 4/128
task 1 : 7/128
task 2 : 6/128
task 3 : 20/128
task 4 : 31/128
task 5 : 8/128
task 6 : 12/128
task 7 : 6/128
task 8 : 34/128
task 0 : 2/104
task 1 : 11/104
task 2 : 5/104
task 3 : 17/104
task 4 : 34/104
task 5 : 4/104
task 6 : 6/104
task 7 : 5/104
task 8 : 20/104
[Test Accuracy: 28.700000], [Loss: 0.270944] [Correct: 0.303000]
Testing Task :---5
task 0 : 1/128
task 1 : 7/128
task 2 : 3/128
task 3 : 12/128
task 4 : 14/128
task 5 : 47/128
task 6 : 3/128
task 7 : 8/128
task 8 : 33/128
task 0 : 2/128
task 1 : 4/128
task 2 : 7/128
task 3 : 11/128
task 4 : 14/128
task 5 : 52/128
task 6 : 3/128
task 7 : 6/128
task 8 : 29/128
task 0 : 4/128
task 1 : 5/128
task 2 : 7/128
task 3 : 8/128
task 4 : 19/128
task 5 : 45/128
task 6 : 3/128
task 7 : 7/128
task 8 : 30/128
task 0 : 3/128
task 1 : 4/128
task 2 : 5/128
task 3 : 9/128
task 4 : 14/128
task 5 : 51/128
task 6 : 1/128
task 7 : 9/128
task 8 : 32/128
task 0 : 3/128
task 1 : 7/128
task 2 : 4/128
task 3 : 15/128
task 4 : 16/128
task 5 : 52/128
task 6 : 5/128
task 7 : 5/128
task 8 : 21/128
task 0 : 2/128
task 1 : 4/128
task 2 : 5/128
task 3 : 10/128
task 4 : 17/128
task 5 : 55/128
task 6 : 4/128
task 7 : 3/128
task 8 : 28/128
task 0 : 6/128
task 1 : 3/128
task 2 : 5/128
task 3 : 9/128
task 4 : 9/128
task 5 : 45/128
task 6 : 6/128
task 7 : 6/128
task 8 : 39/128
task 0 : 6/104
task 1 : 5/104
task 2 : 4/104
task 3 : 3/104
task 4 : 20/104
task 5 : 34/104
task 6 : 3/104
task 7 : 7/104
task 8 : 22/104
[Test Accuracy: 35.300000], [Loss: 0.330249] [Correct: 0.381000]
Testing Task :---6
task 0 : 4/128
task 1 : 7/128
task 2 : 2/128
task 3 : 12/128
task 4 : 8/128
task 5 : 22/128
task 6 : 41/128
task 7 : 10/128
task 8 : 22/128
task 0 : 4/128
task 1 : 2/128
task 2 : 5/128
task 3 : 13/128
task 4 : 6/128
task 5 : 16/128
task 6 : 44/128
task 7 : 9/128
task 8 : 29/128
task 0 : 3/128
task 1 : 3/128
task 2 : 4/128
task 3 : 14/128
task 4 : 5/128
task 5 : 26/128
task 6 : 51/128
task 7 : 5/128
task 8 : 17/128
task 0 : 8/128
task 1 : 7/128
task 2 : 5/128
task 3 : 11/128
task 4 : 5/128
task 5 : 19/128
task 6 : 40/128
task 7 : 3/128
task 8 : 30/128
task 0 : 3/128
task 1 : 10/128
task 2 : 5/128
task 3 : 11/128
task 4 : 8/128
task 5 : 18/128
task 6 : 47/128
task 7 : 7/128
task 8 : 19/128
task 0 : 2/128
task 1 : 8/128
task 2 : 5/128
task 3 : 9/128
task 4 : 15/128
task 5 : 24/128
task 6 : 45/128
task 7 : 5/128
task 8 : 15/128
task 0 : 1/128
task 1 : 8/128
task 2 : 4/128
task 3 : 15/128
task 4 : 10/128
task 5 : 17/128
task 6 : 44/128
task 7 : 9/128
task 8 : 20/128
task 0 : 4/104
task 1 : 10/104
task 2 : 5/104
task 3 : 11/104
task 4 : 4/104
task 5 : 15/104
task 6 : 28/104
task 7 : 6/104
task 8 : 21/104
[Test Accuracy: 33.100000], [Loss: 0.163679] [Correct: 0.340000]
Testing Task :---7
task 0 : 4/128
task 1 : 5/128
task 2 : 7/128
task 3 : 3/128
task 4 : 14/128
task 5 : 13/128
task 6 : 35/128
task 7 : 30/128
task 8 : 17/128
task 0 : 7/128
task 1 : 11/128
task 2 : 6/128
task 3 : 10/128
task 4 : 17/128
task 5 : 6/128
task 6 : 25/128
task 7 : 28/128
task 8 : 18/128
task 0 : 2/128
task 1 : 9/128
task 2 : 4/128
task 3 : 11/128
task 4 : 12/128
task 5 : 9/128
task 6 : 25/128
task 7 : 48/128
task 8 : 8/128
task 0 : 8/128
task 1 : 5/128
task 2 : 10/128
task 3 : 12/128
task 4 : 8/128
task 5 : 4/128
task 6 : 21/128
task 7 : 49/128
task 8 : 11/128
task 0 : 4/128
task 1 : 5/128
task 2 : 8/128
task 3 : 14/128
task 4 : 10/128
task 5 : 10/128
task 6 : 26/128
task 7 : 35/128
task 8 : 16/128
task 0 : 5/128
task 1 : 3/128
task 2 : 7/128
task 3 : 7/128
task 4 : 8/128
task 5 : 12/128
task 6 : 38/128
task 7 : 35/128
task 8 : 13/128
task 0 : 0/128
task 1 : 6/128
task 2 : 4/128
task 3 : 8/128
task 4 : 10/128
task 5 : 9/128
task 6 : 28/128
task 7 : 46/128
task 8 : 17/128
task 0 : 0/104
task 1 : 3/104
task 2 : 2/104
task 3 : 10/104
task 4 : 12/104
task 5 : 7/104
task 6 : 23/104
task 7 : 41/104
task 8 : 6/104
[Test Accuracy: 29.800000], [Loss: 0.240213] [Correct: 0.312000]
Testing Task :---8
task 0 : 1/128
task 1 : 3/128
task 2 : 3/128
task 3 : 5/128
task 4 : 4/128
task 5 : 9/128
task 6 : 5/128
task 7 : 4/128
task 8 : 94/128
task 0 : 1/128
task 1 : 5/128
task 2 : 3/128
task 3 : 2/128
task 4 : 2/128
task 5 : 9/128
task 6 : 5/128
task 7 : 5/128
task 8 : 96/128
task 0 : 3/128
task 1 : 9/128
task 2 : 2/128
task 3 : 8/128
task 4 : 4/128
task 5 : 5/128
task 6 : 3/128
task 7 : 5/128
task 8 : 89/128
task 0 : 2/128
task 1 : 6/128
task 2 : 0/128
task 3 : 2/128
task 4 : 7/128
task 5 : 11/128
task 6 : 3/128
task 7 : 6/128
task 8 : 91/128
task 0 : 5/128
task 1 : 2/128
task 2 : 3/128
task 3 : 6/128
task 4 : 10/128
task 5 : 8/128
task 6 : 6/128
task 7 : 6/128
task 8 : 82/128
task 0 : 4/128
task 1 : 3/128
task 2 : 2/128
task 3 : 8/128
task 4 : 6/128
task 5 : 5/128
task 6 : 4/128
task 7 : 6/128
task 8 : 90/128
task 0 : 5/128
task 1 : 1/128
task 2 : 3/128
task 3 : 6/128
task 4 : 2/128
task 5 : 5/128
task 6 : 2/128
task 7 : 6/128
task 8 : 98/128
task 0 : 1/104
task 1 : 3/104
task 2 : 5/104
task 3 : 3/104
task 4 : 3/104
task 5 : 4/104
task 6 : 3/104
task 7 : 4/104
task 8 : 78/104
[Test Accuracy: 69.200000], [Loss: 0.193510] [Correct: 0.718000]
acc: 32.78888888888889  Correct:  0.3413333333333333
#######################################################
Testing Task :---0
task 0 : 12/128
task 1 : 7/128
task 2 : 2/128
task 3 : 14/128
task 4 : 14/128
task 5 : 10/128
task 6 : 12/128
task 7 : 16/128
task 8 : 6/128
task 9 : 35/128
task 0 : 17/128
task 1 : 6/128
task 2 : 10/128
task 3 : 8/128
task 4 : 9/128
task 5 : 9/128
task 6 : 9/128
task 7 : 18/128
task 8 : 11/128
task 9 : 31/128
task 0 : 12/128
task 1 : 7/128
task 2 : 10/128
task 3 : 13/128
task 4 : 15/128
task 5 : 10/128
task 6 : 6/128
task 7 : 17/128
task 8 : 6/128
task 9 : 32/128
task 0 : 17/128
task 1 : 3/128
task 2 : 2/128
task 3 : 9/128
task 4 : 16/128
task 5 : 15/128
task 6 : 12/128
task 7 : 12/128
task 8 : 9/128
task 9 : 33/128
task 0 : 23/128
task 1 : 5/128
task 2 : 10/128
task 3 : 8/128
task 4 : 13/128
task 5 : 15/128
task 6 : 10/128
task 7 : 6/128
task 8 : 11/128
task 9 : 27/128
task 0 : 16/128
task 1 : 6/128
task 2 : 13/128
task 3 : 17/128
task 4 : 10/128
task 5 : 11/128
task 6 : 8/128
task 7 : 11/128
task 8 : 6/128
task 9 : 30/128
task 0 : 14/128
task 1 : 6/128
task 2 : 5/128
task 3 : 13/128
task 4 : 10/128
task 5 : 13/128
task 6 : 6/128
task 7 : 16/128
task 8 : 6/128
task 9 : 39/128
task 0 : 14/104
task 1 : 4/104
task 2 : 6/104
task 3 : 13/104
task 4 : 7/104
task 5 : 7/104
task 6 : 9/104
task 7 : 8/104
task 8 : 7/104
task 9 : 29/104
[Test Accuracy: 12.200000], [Loss: 0.177970] [Correct: 0.125000]
Testing Task :---1
task 0 : 9/128
task 1 : 24/128
task 2 : 6/128
task 3 : 13/128
task 4 : 8/128
task 5 : 8/128
task 6 : 7/128
task 7 : 9/128
task 8 : 5/128
task 9 : 39/128
task 0 : 9/128
task 1 : 29/128
task 2 : 7/128
task 3 : 13/128
task 4 : 4/128
task 5 : 8/128
task 6 : 11/128
task 7 : 9/128
task 8 : 4/128
task 9 : 34/128
task 0 : 7/128
task 1 : 26/128
task 2 : 5/128
task 3 : 7/128
task 4 : 11/128
task 5 : 14/128
task 6 : 6/128
task 7 : 4/128
task 8 : 5/128
task 9 : 43/128
task 0 : 8/128
task 1 : 29/128
task 2 : 5/128
task 3 : 11/128
task 4 : 6/128
task 5 : 14/128
task 6 : 3/128
task 7 : 9/128
task 8 : 5/128
task 9 : 38/128
task 0 : 8/128
task 1 : 31/128
task 2 : 3/128
task 3 : 14/128
task 4 : 5/128
task 5 : 10/128
task 6 : 8/128
task 7 : 5/128
task 8 : 5/128
task 9 : 39/128
task 0 : 8/128
task 1 : 30/128
task 2 : 3/128
task 3 : 14/128
task 4 : 3/128
task 5 : 12/128
task 6 : 6/128
task 7 : 14/128
task 8 : 6/128
task 9 : 32/128
task 0 : 8/128
task 1 : 32/128
task 2 : 3/128
task 3 : 13/128
task 4 : 5/128
task 5 : 2/128
task 6 : 9/128
task 7 : 15/128
task 8 : 9/128
task 9 : 32/128
task 0 : 2/104
task 1 : 31/104
task 2 : 5/104
task 3 : 11/104
task 4 : 5/104
task 5 : 7/104
task 6 : 7/104
task 7 : 9/104
task 8 : 9/104
task 9 : 18/104
[Test Accuracy: 23.000000], [Loss: 0.106288] [Correct: 0.232000]
Testing Task :---2
task 0 : 4/128
task 1 : 15/128
task 2 : 37/128
task 3 : 3/128
task 4 : 9/128
task 5 : 8/128
task 6 : 2/128
task 7 : 15/128
task 8 : 8/128
task 9 : 27/128
task 0 : 5/128
task 1 : 15/128
task 2 : 39/128
task 3 : 6/128
task 4 : 11/128
task 5 : 12/128
task 6 : 4/128
task 7 : 7/128
task 8 : 5/128
task 9 : 24/128
task 0 : 3/128
task 1 : 19/128
task 2 : 31/128
task 3 : 4/128
task 4 : 12/128
task 5 : 9/128
task 6 : 3/128
task 7 : 21/128
task 8 : 8/128
task 9 : 18/128
task 0 : 2/128
task 1 : 16/128
task 2 : 33/128
task 3 : 4/128
task 4 : 12/128
task 5 : 9/128
task 6 : 7/128
task 7 : 16/128
task 8 : 5/128
task 9 : 24/128
task 0 : 6/128
task 1 : 20/128
task 2 : 40/128
task 3 : 3/128
task 4 : 4/128
task 5 : 2/128
task 6 : 10/128
task 7 : 10/128
task 8 : 4/128
task 9 : 29/128
task 0 : 3/128
task 1 : 15/128
task 2 : 46/128
task 3 : 2/128
task 4 : 6/128
task 5 : 8/128
task 6 : 10/128
task 7 : 10/128
task 8 : 7/128
task 9 : 21/128
task 0 : 4/128
task 1 : 16/128
task 2 : 29/128
task 3 : 3/128
task 4 : 10/128
task 5 : 7/128
task 6 : 5/128
task 7 : 16/128
task 8 : 4/128
task 9 : 34/128
task 0 : 2/104
task 1 : 8/104
task 2 : 41/104
task 3 : 2/104
task 4 : 10/104
task 5 : 6/104
task 6 : 7/104
task 7 : 9/104
task 8 : 4/104
task 9 : 15/104
[Test Accuracy: 28.800000], [Loss: 0.156520] [Correct: 0.296000]
Testing Task :---3
task 0 : 6/128
task 1 : 8/128
task 2 : 10/128
task 3 : 33/128
task 4 : 7/128
task 5 : 8/128
task 6 : 5/128
task 7 : 11/128
task 8 : 7/128
task 9 : 33/128
task 0 : 3/128
task 1 : 6/128
task 2 : 13/128
task 3 : 38/128
task 4 : 4/128
task 5 : 5/128
task 6 : 8/128
task 7 : 12/128
task 8 : 7/128
task 9 : 32/128
task 0 : 1/128
task 1 : 4/128
task 2 : 27/128
task 3 : 39/128
task 4 : 4/128
task 5 : 5/128
task 6 : 4/128
task 7 : 8/128
task 8 : 2/128
task 9 : 34/128
task 0 : 4/128
task 1 : 11/128
task 2 : 13/128
task 3 : 26/128
task 4 : 8/128
task 5 : 8/128
task 6 : 5/128
task 7 : 13/128
task 8 : 5/128
task 9 : 35/128
task 0 : 3/128
task 1 : 6/128
task 2 : 14/128
task 3 : 36/128
task 4 : 1/128
task 5 : 8/128
task 6 : 7/128
task 7 : 7/128
task 8 : 7/128
task 9 : 39/128
task 0 : 4/128
task 1 : 4/128
task 2 : 13/128
task 3 : 32/128
task 4 : 3/128
task 5 : 16/128
task 6 : 6/128
task 7 : 5/128
task 8 : 7/128
task 9 : 38/128
task 0 : 2/128
task 1 : 12/128
task 2 : 15/128
task 3 : 39/128
task 4 : 3/128
task 5 : 12/128
task 6 : 1/128
task 7 : 8/128
task 8 : 3/128
task 9 : 33/128
task 0 : 2/104
task 1 : 7/104
task 2 : 7/104
task 3 : 25/104
task 4 : 1/104
task 5 : 9/104
task 6 : 5/104
task 7 : 5/104
task 8 : 6/104
task 9 : 37/104
[Test Accuracy: 25.300000], [Loss: 0.294437] [Correct: 0.268000]
Testing Task :---4
task 0 : 0/128
task 1 : 7/128
task 2 : 6/128
task 3 : 16/128
task 4 : 34/128
task 5 : 3/128
task 6 : 8/128
task 7 : 13/128
task 8 : 6/128
task 9 : 35/128
task 0 : 2/128
task 1 : 7/128
task 2 : 3/128
task 3 : 16/128
task 4 : 37/128
task 5 : 4/128
task 6 : 2/128
task 7 : 11/128
task 8 : 4/128
task 9 : 42/128
task 0 : 4/128
task 1 : 6/128
task 2 : 6/128
task 3 : 14/128
task 4 : 31/128
task 5 : 6/128
task 6 : 6/128
task 7 : 5/128
task 8 : 9/128
task 9 : 41/128
task 0 : 4/128
task 1 : 6/128
task 2 : 5/128
task 3 : 15/128
task 4 : 32/128
task 5 : 6/128
task 6 : 5/128
task 7 : 12/128
task 8 : 4/128
task 9 : 39/128
task 0 : 5/128
task 1 : 8/128
task 2 : 4/128
task 3 : 13/128
task 4 : 35/128
task 5 : 7/128
task 6 : 5/128
task 7 : 14/128
task 8 : 5/128
task 9 : 32/128
task 0 : 2/128
task 1 : 4/128
task 2 : 4/128
task 3 : 18/128
task 4 : 41/128
task 5 : 4/128
task 6 : 6/128
task 7 : 13/128
task 8 : 6/128
task 9 : 30/128
task 0 : 2/128
task 1 : 11/128
task 2 : 6/128
task 3 : 15/128
task 4 : 29/128
task 5 : 6/128
task 6 : 9/128
task 7 : 8/128
task 8 : 8/128
task 9 : 34/128
task 0 : 1/104
task 1 : 9/104
task 2 : 4/104
task 3 : 15/104
task 4 : 29/104
task 5 : 2/104
task 6 : 5/104
task 7 : 7/104
task 8 : 8/104
task 9 : 24/104
[Test Accuracy: 25.500000], [Loss: 0.249053] [Correct: 0.268000]
Testing Task :---5
task 0 : 1/128
task 1 : 7/128
task 2 : 5/128
task 3 : 6/128
task 4 : 14/128
task 5 : 35/128
task 6 : 2/128
task 7 : 8/128
task 8 : 3/128
task 9 : 47/128
task 0 : 2/128
task 1 : 4/128
task 2 : 5/128
task 3 : 4/128
task 4 : 10/128
task 5 : 47/128
task 6 : 2/128
task 7 : 6/128
task 8 : 6/128
task 9 : 42/128
task 0 : 2/128
task 1 : 4/128
task 2 : 4/128
task 3 : 6/128
task 4 : 15/128
task 5 : 38/128
task 6 : 3/128
task 7 : 11/128
task 8 : 4/128
task 9 : 41/128
task 0 : 2/128
task 1 : 1/128
task 2 : 7/128
task 3 : 2/128
task 4 : 16/128
task 5 : 44/128
task 6 : 2/128
task 7 : 11/128
task 8 : 3/128
task 9 : 40/128
task 0 : 2/128
task 1 : 4/128
task 2 : 3/128
task 3 : 7/128
task 4 : 11/128
task 5 : 39/128
task 6 : 5/128
task 7 : 4/128
task 8 : 4/128
task 9 : 49/128
task 0 : 4/128
task 1 : 5/128
task 2 : 6/128
task 3 : 4/128
task 4 : 15/128
task 5 : 43/128
task 6 : 4/128
task 7 : 4/128
task 8 : 5/128
task 9 : 38/128
task 0 : 7/128
task 1 : 1/128
task 2 : 6/128
task 3 : 5/128
task 4 : 9/128
task 5 : 38/128
task 6 : 4/128
task 7 : 9/128
task 8 : 5/128
task 9 : 44/128
task 0 : 3/104
task 1 : 1/104
task 2 : 1/104
task 3 : 2/104
task 4 : 17/104
task 5 : 30/104
task 6 : 3/104
task 7 : 11/104
task 8 : 5/104
task 9 : 31/104
[Test Accuracy: 29.200000], [Loss: 0.313168] [Correct: 0.314000]
Testing Task :---6
task 0 : 1/128
task 1 : 6/128
task 2 : 2/128
task 3 : 10/128
task 4 : 5/128
task 5 : 22/128
task 6 : 33/128
task 7 : 14/128
task 8 : 1/128
task 9 : 34/128
task 0 : 2/128
task 1 : 2/128
task 2 : 5/128
task 3 : 10/128
task 4 : 6/128
task 5 : 17/128
task 6 : 36/128
task 7 : 10/128
task 8 : 7/128
task 9 : 33/128
task 0 : 3/128
task 1 : 4/128
task 2 : 5/128
task 3 : 11/128
task 4 : 6/128
task 5 : 19/128
task 6 : 42/128
task 7 : 5/128
task 8 : 2/128
task 9 : 31/128
task 0 : 5/128
task 1 : 6/128
task 2 : 6/128
task 3 : 10/128
task 4 : 5/128
task 5 : 16/128
task 6 : 30/128
task 7 : 6/128
task 8 : 7/128
task 9 : 37/128
task 0 : 3/128
task 1 : 7/128
task 2 : 4/128
task 3 : 7/128
task 4 : 3/128
task 5 : 17/128
task 6 : 35/128
task 7 : 10/128
task 8 : 2/128
task 9 : 40/128
task 0 : 2/128
task 1 : 5/128
task 2 : 4/128
task 3 : 8/128
task 4 : 11/128
task 5 : 20/128
task 6 : 37/128
task 7 : 3/128
task 8 : 0/128
task 9 : 38/128
task 0 : 0/128
task 1 : 5/128
task 2 : 6/128
task 3 : 13/128
task 4 : 8/128
task 5 : 15/128
task 6 : 33/128
task 7 : 7/128
task 8 : 4/128
task 9 : 37/128
task 0 : 4/104
task 1 : 5/104
task 2 : 5/104
task 3 : 13/104
task 4 : 3/104
task 5 : 11/104
task 6 : 24/104
task 7 : 9/104
task 8 : 3/104
task 9 : 27/104
[Test Accuracy: 26.400000], [Loss: 0.140574] [Correct: 0.270000]
Testing Task :---7
task 0 : 1/128
task 1 : 5/128
task 2 : 6/128
task 3 : 2/128
task 4 : 10/128
task 5 : 8/128
task 6 : 33/128
task 7 : 24/128
task 8 : 4/128
task 9 : 35/128
task 0 : 3/128
task 1 : 9/128
task 2 : 5/128
task 3 : 10/128
task 4 : 13/128
task 5 : 7/128
task 6 : 14/128
task 7 : 29/128
task 8 : 3/128
task 9 : 35/128
task 0 : 1/128
task 1 : 4/128
task 2 : 2/128
task 3 : 7/128
task 4 : 6/128
task 5 : 6/128
task 6 : 19/128
task 7 : 51/128
task 8 : 0/128
task 9 : 32/128
task 0 : 5/128
task 1 : 4/128
task 2 : 9/128
task 3 : 11/128
task 4 : 6/128
task 5 : 1/128
task 6 : 18/128
task 7 : 39/128
task 8 : 2/128
task 9 : 33/128
task 0 : 2/128
task 1 : 2/128
task 2 : 7/128
task 3 : 11/128
task 4 : 6/128
task 5 : 9/128
task 6 : 20/128
task 7 : 31/128
task 8 : 3/128
task 9 : 37/128
task 0 : 3/128
task 1 : 3/128
task 2 : 6/128
task 3 : 5/128
task 4 : 7/128
task 5 : 9/128
task 6 : 29/128
task 7 : 30/128
task 8 : 2/128
task 9 : 34/128
task 0 : 0/128
task 1 : 5/128
task 2 : 2/128
task 3 : 7/128
task 4 : 7/128
task 5 : 12/128
task 6 : 21/128
task 7 : 38/128
task 8 : 3/128
task 9 : 33/128
task 0 : 0/104
task 1 : 1/104
task 2 : 2/104
task 3 : 8/104
task 4 : 8/104
task 5 : 6/104
task 6 : 17/104
task 7 : 33/104
task 8 : 1/104
task 9 : 28/104
[Test Accuracy: 26.700000], [Loss: 0.189825] [Correct: 0.275000]
Testing Task :---8
task 0 : 5/128
task 1 : 4/128
task 2 : 5/128
task 3 : 7/128
task 4 : 7/128
task 5 : 12/128
task 6 : 4/128
task 7 : 19/128
task 8 : 41/128
task 9 : 24/128
task 0 : 1/128
task 1 : 10/128
task 2 : 4/128
task 3 : 8/128
task 4 : 6/128
task 5 : 13/128
task 6 : 5/128
task 7 : 31/128
task 8 : 33/128
task 9 : 17/128
task 0 : 3/128
task 1 : 8/128
task 2 : 6/128
task 3 : 15/128
task 4 : 5/128
task 5 : 7/128
task 6 : 4/128
task 7 : 19/128
task 8 : 38/128
task 9 : 23/128
task 0 : 2/128
task 1 : 9/128
task 2 : 2/128
task 3 : 5/128
task 4 : 11/128
task 5 : 9/128
task 6 : 3/128
task 7 : 24/128
task 8 : 40/128
task 9 : 23/128
task 0 : 5/128
task 1 : 3/128
task 2 : 6/128
task 3 : 9/128
task 4 : 10/128
task 5 : 17/128
task 6 : 7/128
task 7 : 17/128
task 8 : 31/128
task 9 : 23/128
task 0 : 2/128
task 1 : 6/128
task 2 : 4/128
task 3 : 9/128
task 4 : 11/128
task 5 : 13/128
task 6 : 4/128
task 7 : 17/128
task 8 : 43/128
task 9 : 19/128
task 0 : 5/128
task 1 : 6/128
task 2 : 7/128
task 3 : 9/128
task 4 : 5/128
task 5 : 11/128
task 6 : 2/128
task 7 : 28/128
task 8 : 38/128
task 9 : 17/128
task 0 : 0/104
task 1 : 4/104
task 2 : 7/104
task 3 : 6/104
task 4 : 2/104
task 5 : 10/104
task 6 : 2/104
task 7 : 20/104
task 8 : 35/104
task 9 : 18/104
[Test Accuracy: 28.900000], [Loss: 0.150096] [Correct: 0.299000]
Testing Task :---9
task 0 : 1/128
task 1 : 3/128
task 2 : 4/128
task 3 : 4/128
task 4 : 4/128
task 5 : 4/128
task 6 : 3/128
task 7 : 1/128
task 8 : 1/128
task 9 : 103/128
task 0 : 1/128
task 1 : 5/128
task 2 : 3/128
task 3 : 5/128
task 4 : 2/128
task 5 : 4/128
task 6 : 4/128
task 7 : 4/128
task 8 : 1/128
task 9 : 99/128
task 0 : 0/128
task 1 : 1/128
task 2 : 3/128
task 3 : 3/128
task 4 : 3/128
task 5 : 3/128
task 6 : 4/128
task 7 : 5/128
task 8 : 4/128
task 9 : 102/128
task 0 : 1/128
task 1 : 3/128
task 2 : 6/128
task 3 : 7/128
task 4 : 3/128
task 5 : 3/128
task 6 : 5/128
task 7 : 7/128
task 8 : 6/128
task 9 : 87/128
task 0 : 0/128
task 1 : 2/128
task 2 : 1/128
task 3 : 9/128
task 4 : 4/128
task 5 : 5/128
task 6 : 3/128
task 7 : 9/128
task 8 : 4/128
task 9 : 91/128
task 0 : 3/128
task 1 : 4/128
task 2 : 2/128
task 3 : 8/128
task 4 : 7/128
task 5 : 6/128
task 6 : 9/128
task 7 : 6/128
task 8 : 7/128
task 9 : 76/128
task 0 : 0/128
task 1 : 0/128
task 2 : 3/128
task 3 : 8/128
task 4 : 4/128
task 5 : 5/128
task 6 : 7/128
task 7 : 7/128
task 8 : 1/128
task 9 : 93/128
task 0 : 2/104
task 1 : 2/104
task 2 : 1/104
task 3 : 6/104
task 4 : 3/104
task 5 : 6/104
task 6 : 7/104
task 7 : 1/104
task 8 : 6/104
task 9 : 70/104
[Test Accuracy: 71.000000], [Loss: 0.122481] [Correct: 0.721000]
acc: 29.7  Correct:  0.3068
[92.2        72.95       58.83333333 49.65       42.36       39.96666667
 38.87142857 34.6125     32.78888889 29.7       ]

end time : 1639408361.456159
