start time : 1638932086.5203557

Files already downloaded and verified
Files already downloaded and verified
0
[10, 10, 10, 10, 10, 10, 10, 10, 10, 10]
1
[10, 10, 10, 10, 10, 10, 10, 10, 10, 10]
2
[10, 10, 10, 10, 10, 10, 10, 10, 10, 10]
3
[10, 10, 10, 10, 10, 10, 10, 10, 10, 10]
4
[10, 10, 10, 10, 10, 10, 10, 10, 10, 10]
5
[10, 10, 10, 10, 10, 10, 10, 10, 10, 10]
6
[10, 10, 10, 10, 10, 10, 10, 10, 10, 10]
7
[10, 10, 10, 10, 10, 10, 10, 10, 10, 10]
8
[10, 10, 10, 10, 10, 10, 10, 10, 10, 10]
9
[10, 10, 10, 10, 10, 10, 10, 10, 10, 10]
==> Resuming from checkpoint..
ckpt816/cifar100-10-npcl1-unknownclasss0.1-entropy-dev/ckpt_task0.pth
==> Resuming from checkpoint..
ckpt816/cifar100-10-npcl1-unknownclasss0.1-entropy-dev/ckpt_task1.pth
==> Resuming from checkpoint..
ckpt816/cifar100-10-npcl1-unknownclasss0.1-entropy-dev/ckpt_task2.pth
==> Resuming from checkpoint..
ckpt816/cifar100-10-npcl1-unknownclasss0.1-entropy-dev/ckpt_task3.pth
==> Resuming from checkpoint..
ckpt816/cifar100-10-npcl1-unknownclasss0.1-entropy-dev/ckpt_task4.pth
==> Resuming from checkpoint..
ckpt816/cifar100-10-npcl1-unknownclasss0.1-entropy-dev/ckpt_task5.pth
==> Resuming from checkpoint..
ckpt816/cifar100-10-npcl1-unknownclasss0.1-entropy-dev/ckpt_task6.pth
==> Resuming from checkpoint..
ckpt816/cifar100-10-npcl1-unknownclasss0.1-entropy-dev/ckpt_task7.pth
==> Resuming from checkpoint..
ckpt816/cifar100-10-npcl1-unknownclasss0.1-entropy-dev/ckpt_task8.pth
==> Resuming from checkpoint..
ckpt816/cifar100-10-npcl1-unknownclasss0.1-entropy-dev/ckpt_task9.pth
#######################################################
Testing Task :---0
[Test Accuracy: 92.200000], [Loss: 0.350910] [Correct: 1.000000]
acc: 92.2  Correct:  1.0
#######################################################
Testing Task :---0
[Test Accuracy: 73.000000], [Loss: 0.293637] [Correct: 0.776000]
Testing Task :---1
[Test Accuracy: 78.400000], [Loss: 0.324903] [Correct: 0.844000]
acc: 75.7  Correct:  0.81
#######################################################
Testing Task :---0
[Test Accuracy: 57.000000], [Loss: 0.237895] [Correct: 0.595000]
Testing Task :---1
[Test Accuracy: 71.200000], [Loss: 0.280337] [Correct: 0.755000]
Testing Task :---2
[Test Accuracy: 70.300000], [Loss: 0.243969] [Correct: 0.739000]
acc: 66.16666666666667  Correct:  0.6963333333333334
#######################################################
Testing Task :---0
[Test Accuracy: 49.700000], [Loss: 0.204599] [Correct: 0.512000]
Testing Task :---1
[Test Accuracy: 54.600000], [Loss: 0.279921] [Correct: 0.578000]
Testing Task :---2
[Test Accuracy: 66.100000], [Loss: 0.200533] [Correct: 0.686000]
Testing Task :---3
[Test Accuracy: 66.800000], [Loss: 0.203101] [Correct: 0.694000]
acc: 59.3  Correct:  0.6174999999999999
#######################################################
Testing Task :---0
[Test Accuracy: 38.700000], [Loss: 0.186959] [Correct: 0.395000]
Testing Task :---1
[Test Accuracy: 46.900000], [Loss: 0.238467] [Correct: 0.491000]
Testing Task :---2
[Test Accuracy: 56.800000], [Loss: 0.191848] [Correct: 0.588000]
Testing Task :---3
[Test Accuracy: 60.700000], [Loss: 0.185077] [Correct: 0.627000]
Testing Task :---4
[Test Accuracy: 65.800000], [Loss: 0.204318] [Correct: 0.680000]
acc: 53.779999999999994  Correct:  0.5562
#######################################################
Testing Task :---0
[Test Accuracy: 28.300000], [Loss: 0.198336] [Correct: 0.289000]
Testing Task :---1
[Test Accuracy: 40.300000], [Loss: 0.213067] [Correct: 0.418000]
Testing Task :---2
[Test Accuracy: 52.000000], [Loss: 0.182272] [Correct: 0.536000]
Testing Task :---3
[Test Accuracy: 52.100000], [Loss: 0.173940] [Correct: 0.536000]
Testing Task :---4
[Test Accuracy: 60.300000], [Loss: 0.195404] [Correct: 0.621000]
Testing Task :---5
[Test Accuracy: 57.300000], [Loss: 0.253417] [Correct: 0.603000]
acc: 48.38333333333333  Correct:  0.5005000000000001
#######################################################
Testing Task :---0
[Test Accuracy: 21.800000], [Loss: 0.210632] [Correct: 0.223000]
Testing Task :---1
[Test Accuracy: 35.000000], [Loss: 0.203786] [Correct: 0.362000]
Testing Task :---2
[Test Accuracy: 47.400000], [Loss: 0.163384] [Correct: 0.487000]
Testing Task :---3
[Test Accuracy: 45.700000], [Loss: 0.169938] [Correct: 0.470000]
Testing Task :---4
[Test Accuracy: 57.600000], [Loss: 0.172197] [Correct: 0.591000]
Testing Task :---5
[Test Accuracy: 51.600000], [Loss: 0.232619] [Correct: 0.541000]
Testing Task :---6
[Test Accuracy: 58.300000], [Loss: 0.166074] [Correct: 0.600000]
acc: 45.34285714285714  Correct:  0.4677142857142857
#######################################################
Testing Task :---0
[Test Accuracy: 18.200000], [Loss: 0.143879] [Correct: 0.184000]
Testing Task :---1
[Test Accuracy: 30.800000], [Loss: 0.180044] [Correct: 0.317000]
Testing Task :---2
[Test Accuracy: 41.200000], [Loss: 0.167966] [Correct: 0.424000]
Testing Task :---3
[Test Accuracy: 40.800000], [Loss: 0.139072] [Correct: 0.416000]
Testing Task :---4
[Test Accuracy: 52.800000], [Loss: 0.157193] [Correct: 0.540000]
Testing Task :---5
[Test Accuracy: 46.500000], [Loss: 0.240607] [Correct: 0.488000]
Testing Task :---6
[Test Accuracy: 51.700000], [Loss: 0.156450] [Correct: 0.530000]
Testing Task :---7
[Test Accuracy: 46.500000], [Loss: 0.196970] [Correct: 0.481000]
acc: 41.0625  Correct:  0.4225
#######################################################
Testing Task :---0
[Test Accuracy: 12.200000], [Loss: 0.156356] [Correct: 0.124000]
Testing Task :---1
[Test Accuracy: 25.900000], [Loss: 0.187361] [Correct: 0.267000]
Testing Task :---2
[Test Accuracy: 35.000000], [Loss: 0.172533] [Correct: 0.361000]
Testing Task :---3
[Test Accuracy: 35.700000], [Loss: 0.142147] [Correct: 0.364000]
Testing Task :---4
[Test Accuracy: 47.300000], [Loss: 0.144159] [Correct: 0.482000]
Testing Task :---5
[Test Accuracy: 39.500000], [Loss: 0.221071] [Correct: 0.412000]
Testing Task :---6
[Test Accuracy: 46.200000], [Loss: 0.120850] [Correct: 0.470000]
Testing Task :---7
[Test Accuracy: 42.900000], [Loss: 0.186154] [Correct: 0.443000]
Testing Task :---8
[Test Accuracy: 54.300000], [Loss: 0.145234] [Correct: 0.555000]
acc: 37.666666666666664  Correct:  0.3864444444444445
#######################################################
Testing Task :---0
[Test Accuracy: 9.400000], [Loss: 0.170280] [Correct: 0.096000]
Testing Task :---1
[Test Accuracy: 22.200000], [Loss: 0.197734] [Correct: 0.229000]
Testing Task :---2
[Test Accuracy: 30.900000], [Loss: 0.169999] [Correct: 0.319000]
Testing Task :---3
[Test Accuracy: 28.600000], [Loss: 0.159970] [Correct: 0.293000]
Testing Task :---4
[Test Accuracy: 40.600000], [Loss: 0.133652] [Correct: 0.413000]
Testing Task :---5
[Test Accuracy: 34.400000], [Loss: 0.226705] [Correct: 0.359000]
Testing Task :---6
[Test Accuracy: 41.300000], [Loss: 0.114932] [Correct: 0.419000]
Testing Task :---7
[Test Accuracy: 39.600000], [Loss: 0.179069] [Correct: 0.408000]
Testing Task :---8
[Test Accuracy: 46.900000], [Loss: 0.144013] [Correct: 0.479000]
Testing Task :---9
[Test Accuracy: 52.100000], [Loss: 0.093522] [Correct: 0.527000]
acc: 34.6  Correct:  0.3542
[92.2        75.7        66.16666667 59.3        53.78       48.38333333
 45.34285714 41.0625     37.66666667 34.6       ]

end time : 1638932769.0514154
