start time : 1639408979.308756

Files already downloaded and verified
Files already downloaded and verified
0
[10, 10, 10, 10, 10, 10, 10, 10, 10, 10]
1
[10, 10, 10, 10, 10, 10, 10, 10, 10, 10]
2
[10, 10, 10, 10, 10, 10, 10, 10, 10, 10]
3
[10, 10, 10, 10, 10, 10, 10, 10, 10, 10]
4
[10, 10, 10, 10, 10, 10, 10, 10, 10, 10]
5
[10, 10, 10, 10, 10, 10, 10, 10, 10, 10]
6
[10, 10, 10, 10, 10, 10, 10, 10, 10, 10]
7
[10, 10, 10, 10, 10, 10, 10, 10, 10, 10]
8
[10, 10, 10, 10, 10, 10, 10, 10, 10, 10]
9
[10, 10, 10, 10, 10, 10, 10, 10, 10, 10]
==> Resuming from checkpoint..
ckpt816/cifar100-10-npcl1-unknownclasss0.1-prevtask-dev/ckpt_task0.pth
==> Resuming from checkpoint..
ckpt816/cifar100-10-npcl1-unknownclasss0.1-prevtask-dev/ckpt_task1.pth
==> Resuming from checkpoint..
ckpt816/cifar100-10-npcl1-unknownclasss0.1-prevtask-dev/ckpt_task2.pth
==> Resuming from checkpoint..
ckpt816/cifar100-10-npcl1-unknownclasss0.1-prevtask-dev/ckpt_task3.pth
==> Resuming from checkpoint..
ckpt816/cifar100-10-npcl1-unknownclasss0.1-prevtask-dev/ckpt_task4.pth
==> Resuming from checkpoint..
ckpt816/cifar100-10-npcl1-unknownclasss0.1-prevtask-dev/ckpt_task5.pth
==> Resuming from checkpoint..
ckpt816/cifar100-10-npcl1-unknownclasss0.1-prevtask-dev/ckpt_task6.pth
==> Resuming from checkpoint..
ckpt816/cifar100-10-npcl1-unknownclasss0.1-prevtask-dev/ckpt_task7.pth
==> Resuming from checkpoint..
ckpt816/cifar100-10-npcl1-unknownclasss0.1-prevtask-dev/ckpt_task8.pth
==> Resuming from checkpoint..
ckpt816/cifar100-10-npcl1-unknownclasss0.1-prevtask-dev/ckpt_task9.pth
#######################################################
Testing Task :---0
[Test Accuracy: 92.200000], [Loss: 0.350910] [Correct: 1.000000]
acc: 92.2  Correct:  1.0
#######################################################
Testing Task :---0
task 0 : 99/128
task 1 : 29/128
task 0 : 95/128
task 1 : 33/128
task 0 : 92/128
task 1 : 36/128
task 0 : 106/128
task 1 : 22/128
task 0 : 96/128
task 1 : 32/128
task 0 : 99/128
task 1 : 29/128
task 0 : 106/128
task 1 : 22/128
task 0 : 80/104
task 1 : 24/104
[Test Accuracy: 73.000000], [Loss: 0.283206] [Correct: 0.773000]
Testing Task :---1
task 0 : 22/128
task 1 : 106/128
task 0 : 14/128
task 1 : 114/128
task 0 : 16/128
task 1 : 112/128
task 0 : 24/128
task 1 : 104/128
task 0 : 21/128
task 1 : 107/128
task 0 : 18/128
task 1 : 110/128
task 0 : 18/128
task 1 : 110/128
task 0 : 14/104
task 1 : 90/104
[Test Accuracy: 78.400000], [Loss: 0.332648] [Correct: 0.853000]
acc: 75.7  Correct:  0.813
#######################################################
Testing Task :---0
task 0 : 69/128
task 1 : 22/128
task 2 : 37/128
task 0 : 64/128
task 1 : 24/128
task 2 : 40/128
task 0 : 62/128
task 1 : 31/128
task 2 : 35/128
task 0 : 78/128
task 1 : 19/128
task 2 : 31/128
task 0 : 70/128
task 1 : 26/128
task 2 : 32/128
task 0 : 62/128
task 1 : 23/128
task 2 : 43/128
task 0 : 75/128
task 1 : 18/128
task 2 : 35/128
task 0 : 59/104
task 1 : 15/104
task 2 : 30/104
[Test Accuracy: 51.900000], [Loss: 0.222987] [Correct: 0.539000]
Testing Task :---1
task 0 : 15/128
task 1 : 93/128
task 2 : 20/128
task 0 : 11/128
task 1 : 100/128
task 2 : 17/128
task 0 : 12/128
task 1 : 103/128
task 2 : 13/128
task 0 : 19/128
task 1 : 90/128
task 2 : 19/128
task 0 : 17/128
task 1 : 96/128
task 2 : 15/128
task 0 : 12/128
task 1 : 101/128
task 2 : 15/128
task 0 : 11/128
task 1 : 99/128
task 2 : 18/128
task 0 : 9/104
task 1 : 84/104
task 2 : 11/104
[Test Accuracy: 71.800000], [Loss: 0.288835] [Correct: 0.766000]
Testing Task :---2
task 0 : 9/128
task 1 : 15/128
task 2 : 104/128
task 0 : 11/128
task 1 : 20/128
task 2 : 97/128
task 0 : 13/128
task 1 : 19/128
task 2 : 96/128
task 0 : 9/128
task 1 : 15/128
task 2 : 104/128
task 0 : 8/128
task 1 : 23/128
task 2 : 97/128
task 0 : 8/128
task 1 : 12/128
task 2 : 108/128
task 0 : 14/128
task 1 : 18/128
task 2 : 96/128
task 0 : 8/104
task 1 : 13/104
task 2 : 83/104
[Test Accuracy: 74.700000], [Loss: 0.240529] [Correct: 0.785000]
acc: 66.13333333333333  Correct:  0.6966666666666668
#######################################################
Testing Task :---0
task 0 : 45/128
task 1 : 15/128
task 2 : 32/128
task 3 : 36/128
task 0 : 49/128
task 1 : 18/128
task 2 : 34/128
task 3 : 27/128
task 0 : 48/128
task 1 : 24/128
task 2 : 29/128
task 3 : 27/128
task 0 : 57/128
task 1 : 13/128
task 2 : 29/128
task 3 : 29/128
task 0 : 54/128
task 1 : 20/128
task 2 : 27/128
task 3 : 27/128
task 0 : 44/128
task 1 : 15/128
task 2 : 36/128
task 3 : 33/128
task 0 : 54/128
task 1 : 13/128
task 2 : 31/128
task 3 : 30/128
task 0 : 37/104
task 1 : 9/104
task 2 : 25/104
task 3 : 33/104
[Test Accuracy: 37.800000], [Loss: 0.198169] [Correct: 0.388000]
Testing Task :---1
task 0 : 11/128
task 1 : 64/128
task 2 : 16/128
task 3 : 37/128
task 0 : 7/128
task 1 : 74/128
task 2 : 16/128
task 3 : 31/128
task 0 : 9/128
task 1 : 75/128
task 2 : 9/128
task 3 : 35/128
task 0 : 12/128
task 1 : 53/128
task 2 : 16/128
task 3 : 47/128
task 0 : 8/128
task 1 : 71/128
task 2 : 13/128
task 3 : 36/128
task 0 : 5/128
task 1 : 76/128
task 2 : 12/128
task 3 : 35/128
task 0 : 2/128
task 1 : 75/128
task 2 : 12/128
task 3 : 39/128
task 0 : 6/104
task 1 : 60/104
task 2 : 9/104
task 3 : 29/104
[Test Accuracy: 51.400000], [Loss: 0.287824] [Correct: 0.548000]
Testing Task :---2
task 0 : 7/128
task 1 : 15/128
task 2 : 97/128
task 3 : 9/128
task 0 : 8/128
task 1 : 20/128
task 2 : 96/128
task 3 : 4/128
task 0 : 13/128
task 1 : 16/128
task 2 : 92/128
task 3 : 7/128
task 0 : 8/128
task 1 : 11/128
task 2 : 101/128
task 3 : 8/128
task 0 : 6/128
task 1 : 22/128
task 2 : 95/128
task 3 : 5/128
task 0 : 6/128
task 1 : 11/128
task 2 : 105/128
task 3 : 6/128
task 0 : 12/128
task 1 : 15/128
task 2 : 91/128
task 3 : 10/128
task 0 : 6/104
task 1 : 11/104
task 2 : 75/104
task 3 : 12/104
[Test Accuracy: 72.000000], [Loss: 0.225484] [Correct: 0.752000]
Testing Task :---3
task 0 : 8/128
task 1 : 18/128
task 2 : 12/128
task 3 : 90/128
task 0 : 8/128
task 1 : 10/128
task 2 : 14/128
task 3 : 96/128
task 0 : 4/128
task 1 : 9/128
task 2 : 20/128
task 3 : 95/128
task 0 : 8/128
task 1 : 18/128
task 2 : 16/128
task 3 : 86/128
task 0 : 3/128
task 1 : 16/128
task 2 : 12/128
task 3 : 97/128
task 0 : 10/128
task 1 : 19/128
task 2 : 14/128
task 3 : 85/128
task 0 : 5/128
task 1 : 16/128
task 2 : 16/128
task 3 : 91/128
task 0 : 10/104
task 1 : 10/104
task 2 : 7/104
task 3 : 77/104
[Test Accuracy: 68.800000], [Loss: 0.211022] [Correct: 0.717000]
acc: 57.5  Correct:  0.6012500000000001
#######################################################
Testing Task :---0
task 0 : 32/128
task 1 : 10/128
task 2 : 24/128
task 3 : 28/128
task 4 : 34/128
task 0 : 24/128
task 1 : 13/128
task 2 : 27/128
task 3 : 26/128
task 4 : 38/128
task 0 : 32/128
task 1 : 16/128
task 2 : 24/128
task 3 : 23/128
task 4 : 33/128
task 0 : 37/128
task 1 : 9/128
task 2 : 19/128
task 3 : 23/128
task 4 : 40/128
task 0 : 34/128
task 1 : 16/128
task 2 : 18/128
task 3 : 22/128
task 4 : 38/128
task 0 : 28/128
task 1 : 11/128
task 2 : 30/128
task 3 : 28/128
task 4 : 31/128
task 0 : 37/128
task 1 : 9/128
task 2 : 27/128
task 3 : 23/128
task 4 : 32/128
task 0 : 24/104
task 1 : 8/104
task 2 : 19/104
task 3 : 27/104
task 4 : 26/104
[Test Accuracy: 24.100000], [Loss: 0.208995] [Correct: 0.248000]
Testing Task :---1
task 0 : 5/128
task 1 : 51/128
task 2 : 14/128
task 3 : 31/128
task 4 : 27/128
task 0 : 4/128
task 1 : 56/128
task 2 : 12/128
task 3 : 26/128
task 4 : 30/128
task 0 : 4/128
task 1 : 59/128
task 2 : 5/128
task 3 : 27/128
task 4 : 33/128
task 0 : 11/128
task 1 : 41/128
task 2 : 13/128
task 3 : 40/128
task 4 : 23/128
task 0 : 3/128
task 1 : 55/128
task 2 : 11/128
task 3 : 32/128
task 4 : 27/128
task 0 : 3/128
task 1 : 65/128
task 2 : 8/128
task 3 : 32/128
task 4 : 20/128
task 0 : 0/128
task 1 : 55/128
task 2 : 7/128
task 3 : 37/128
task 4 : 29/128
task 0 : 4/104
task 1 : 43/104
task 2 : 8/104
task 3 : 25/104
task 4 : 24/104
[Test Accuracy: 40.300000], [Loss: 0.247265] [Correct: 0.425000]
Testing Task :---2
task 0 : 6/128
task 1 : 12/128
task 2 : 74/128
task 3 : 9/128
task 4 : 27/128
task 0 : 4/128
task 1 : 17/128
task 2 : 76/128
task 3 : 2/128
task 4 : 29/128
task 0 : 6/128
task 1 : 9/128
task 2 : 73/128
task 3 : 7/128
task 4 : 33/128
task 0 : 3/128
task 1 : 7/128
task 2 : 81/128
task 3 : 6/128
task 4 : 31/128
task 0 : 5/128
task 1 : 14/128
task 2 : 81/128
task 3 : 3/128
task 4 : 25/128
task 0 : 5/128
task 1 : 8/128
task 2 : 82/128
task 3 : 6/128
task 4 : 27/128
task 0 : 6/128
task 1 : 13/128
task 2 : 70/128
task 3 : 9/128
task 4 : 30/128
task 0 : 3/104
task 1 : 10/104
task 2 : 59/104
task 3 : 11/104
task 4 : 21/104
[Test Accuracy: 57.700000], [Loss: 0.194613] [Correct: 0.596000]
Testing Task :---3
task 0 : 5/128
task 1 : 15/128
task 2 : 10/128
task 3 : 89/128
task 4 : 9/128
task 0 : 6/128
task 1 : 7/128
task 2 : 12/128
task 3 : 93/128
task 4 : 10/128
task 0 : 3/128
task 1 : 9/128
task 2 : 15/128
task 3 : 89/128
task 4 : 12/128
task 0 : 8/128
task 1 : 14/128
task 2 : 15/128
task 3 : 80/128
task 4 : 11/128
task 0 : 3/128
task 1 : 14/128
task 2 : 9/128
task 3 : 91/128
task 4 : 11/128
task 0 : 8/128
task 1 : 15/128
task 2 : 12/128
task 3 : 79/128
task 4 : 14/128
task 0 : 5/128
task 1 : 14/128
task 2 : 14/128
task 3 : 85/128
task 4 : 10/128
task 0 : 7/104
task 1 : 9/104
task 2 : 7/104
task 3 : 73/104
task 4 : 8/104
[Test Accuracy: 65.400000], [Loss: 0.206263] [Correct: 0.679000]
Testing Task :---4
task 0 : 1/128
task 1 : 7/128
task 2 : 12/128
task 3 : 18/128
task 4 : 90/128
task 0 : 5/128
task 1 : 10/128
task 2 : 15/128
task 3 : 19/128
task 4 : 79/128
task 0 : 2/128
task 1 : 13/128
task 2 : 17/128
task 3 : 18/128
task 4 : 78/128
task 0 : 4/128
task 1 : 15/128
task 2 : 14/128
task 3 : 12/128
task 4 : 83/128
task 0 : 2/128
task 1 : 5/128
task 2 : 14/128
task 3 : 22/128
task 4 : 85/128
task 0 : 4/128
task 1 : 5/128
task 2 : 7/128
task 3 : 15/128
task 4 : 97/128
task 0 : 3/128
task 1 : 10/128
task 2 : 19/128
task 3 : 14/128
task 4 : 82/128
task 0 : 3/104
task 1 : 8/104
task 2 : 14/104
task 3 : 11/104
task 4 : 68/104
[Test Accuracy: 63.800000], [Loss: 0.226373] [Correct: 0.662000]
acc: 50.260000000000005  Correct:  0.522
#######################################################
Testing Task :---0
task 0 : 21/128
task 1 : 8/128
task 2 : 22/128
task 3 : 23/128
task 4 : 30/128
task 5 : 24/128
task 0 : 20/128
task 1 : 10/128
task 2 : 22/128
task 3 : 23/128
task 4 : 35/128
task 5 : 18/128
task 0 : 21/128
task 1 : 13/128
task 2 : 20/128
task 3 : 19/128
task 4 : 30/128
task 5 : 25/128
task 0 : 27/128
task 1 : 9/128
task 2 : 14/128
task 3 : 18/128
task 4 : 33/128
task 5 : 27/128
task 0 : 25/128
task 1 : 14/128
task 2 : 12/128
task 3 : 20/128
task 4 : 33/128
task 5 : 24/128
task 0 : 16/128
task 1 : 9/128
task 2 : 24/128
task 3 : 22/128
task 4 : 29/128
task 5 : 28/128
task 0 : 30/128
task 1 : 7/128
task 2 : 21/128
task 3 : 20/128
task 4 : 27/128
task 5 : 23/128
task 0 : 16/104
task 1 : 7/104
task 2 : 17/104
task 3 : 22/104
task 4 : 23/104
task 5 : 19/104
[Test Accuracy: 17.200000], [Loss: 0.184761] [Correct: 0.176000]
Testing Task :---1
task 0 : 3/128
task 1 : 47/128
task 2 : 8/128
task 3 : 28/128
task 4 : 21/128
task 5 : 21/128
task 0 : 1/128
task 1 : 47/128
task 2 : 11/128
task 3 : 22/128
task 4 : 29/128
task 5 : 18/128
task 0 : 2/128
task 1 : 49/128
task 2 : 5/128
task 3 : 23/128
task 4 : 30/128
task 5 : 19/128
task 0 : 6/128
task 1 : 34/128
task 2 : 10/128
task 3 : 36/128
task 4 : 22/128
task 5 : 20/128
task 0 : 3/128
task 1 : 47/128
task 2 : 10/128
task 3 : 27/128
task 4 : 24/128
task 5 : 17/128
task 0 : 2/128
task 1 : 55/128
task 2 : 6/128
task 3 : 28/128
task 4 : 19/128
task 5 : 18/128
task 0 : 0/128
task 1 : 50/128
task 2 : 7/128
task 3 : 33/128
task 4 : 27/128
task 5 : 11/128
task 0 : 2/104
task 1 : 39/104
task 2 : 8/104
task 3 : 24/104
task 4 : 21/104
task 5 : 10/104
[Test Accuracy: 35.100000], [Loss: 0.222849] [Correct: 0.368000]
Testing Task :---2
task 0 : 4/128
task 1 : 11/128
task 2 : 68/128
task 3 : 8/128
task 4 : 24/128
task 5 : 13/128
task 0 : 2/128
task 1 : 15/128
task 2 : 63/128
task 3 : 1/128
task 4 : 28/128
task 5 : 19/128
task 0 : 4/128
task 1 : 6/128
task 2 : 69/128
task 3 : 6/128
task 4 : 31/128
task 5 : 12/128
task 0 : 2/128
task 1 : 6/128
task 2 : 78/128
task 3 : 5/128
task 4 : 27/128
task 5 : 10/128
task 0 : 4/128
task 1 : 10/128
task 2 : 77/128
task 3 : 2/128
task 4 : 23/128
task 5 : 12/128
task 0 : 3/128
task 1 : 8/128
task 2 : 75/128
task 3 : 5/128
task 4 : 24/128
task 5 : 13/128
task 0 : 6/128
task 1 : 12/128
task 2 : 64/128
task 3 : 7/128
task 4 : 27/128
task 5 : 12/128
task 0 : 2/104
task 1 : 8/104
task 2 : 52/104
task 3 : 9/104
task 4 : 18/104
task 5 : 15/104
[Test Accuracy: 53.200000], [Loss: 0.172226] [Correct: 0.546000]
Testing Task :---3
task 0 : 4/128
task 1 : 11/128
task 2 : 6/128
task 3 : 74/128
task 4 : 7/128
task 5 : 26/128
task 0 : 4/128
task 1 : 7/128
task 2 : 8/128
task 3 : 75/128
task 4 : 9/128
task 5 : 25/128
task 0 : 2/128
task 1 : 6/128
task 2 : 13/128
task 3 : 82/128
task 4 : 11/128
task 5 : 14/128
task 0 : 7/128
task 1 : 12/128
task 2 : 14/128
task 3 : 70/128
task 4 : 7/128
task 5 : 18/128
task 0 : 1/128
task 1 : 12/128
task 2 : 8/128
task 3 : 77/128
task 4 : 9/128
task 5 : 21/128
task 0 : 4/128
task 1 : 12/128
task 2 : 11/128
task 3 : 70/128
task 4 : 13/128
task 5 : 18/128
task 0 : 1/128
task 1 : 13/128
task 2 : 11/128
task 3 : 75/128
task 4 : 9/128
task 5 : 19/128
task 0 : 4/104
task 1 : 9/104
task 2 : 6/104
task 3 : 51/104
task 4 : 8/104
task 5 : 26/104
[Test Accuracy: 55.500000], [Loss: 0.201137] [Correct: 0.574000]
Testing Task :---4
task 0 : 1/128
task 1 : 7/128
task 2 : 12/128
task 3 : 17/128
task 4 : 85/128
task 5 : 6/128
task 0 : 5/128
task 1 : 8/128
task 2 : 14/128
task 3 : 19/128
task 4 : 76/128
task 5 : 6/128
task 0 : 2/128
task 1 : 10/128
task 2 : 14/128
task 3 : 18/128
task 4 : 72/128
task 5 : 12/128
task 0 : 3/128
task 1 : 13/128
task 2 : 13/128
task 3 : 12/128
task 4 : 80/128
task 5 : 7/128
task 0 : 2/128
task 1 : 4/128
task 2 : 11/128
task 3 : 20/128
task 4 : 81/128
task 5 : 10/128
task 0 : 3/128
task 1 : 4/128
task 2 : 6/128
task 3 : 10/128
task 4 : 93/128
task 5 : 12/128
task 0 : 3/128
task 1 : 8/128
task 2 : 17/128
task 3 : 13/128
task 4 : 78/128
task 5 : 9/128
task 0 : 2/104
task 1 : 7/104
task 2 : 14/104
task 3 : 11/104
task 4 : 67/104
task 5 : 3/104
[Test Accuracy: 61.000000], [Loss: 0.217476] [Correct: 0.632000]
Testing Task :---5
task 0 : 1/128
task 1 : 4/128
task 2 : 16/128
task 3 : 9/128
task 4 : 19/128
task 5 : 79/128
task 0 : 2/128
task 1 : 8/128
task 2 : 8/128
task 3 : 9/128
task 4 : 21/128
task 5 : 80/128
task 0 : 9/128
task 1 : 5/128
task 2 : 7/128
task 3 : 17/128
task 4 : 20/128
task 5 : 70/128
task 0 : 1/128
task 1 : 4/128
task 2 : 6/128
task 3 : 15/128
task 4 : 20/128
task 5 : 82/128
task 0 : 1/128
task 1 : 7/128
task 2 : 8/128
task 3 : 13/128
task 4 : 25/128
task 5 : 74/128
task 0 : 5/128
task 1 : 3/128
task 2 : 10/128
task 3 : 17/128
task 4 : 16/128
task 5 : 77/128
task 0 : 3/128
task 1 : 10/128
task 2 : 12/128
task 3 : 19/128
task 4 : 16/128
task 5 : 68/128
task 0 : 2/104
task 1 : 9/104
task 2 : 7/104
task 3 : 6/104
task 4 : 18/104
task 5 : 62/104
[Test Accuracy: 55.800000], [Loss: 0.303568] [Correct: 0.592000]
acc: 46.300000000000004  Correct:  0.4813333333333334
#######################################################
Testing Task :---0
task 0 : 16/128
task 1 : 8/128
task 2 : 20/128
task 3 : 17/128
task 4 : 27/128
task 5 : 20/128
task 6 : 20/128
task 0 : 16/128
task 1 : 10/128
task 2 : 19/128
task 3 : 22/128
task 4 : 29/128
task 5 : 15/128
task 6 : 17/128
task 0 : 13/128
task 1 : 11/128
task 2 : 20/128
task 3 : 17/128
task 4 : 27/128
task 5 : 22/128
task 6 : 18/128
task 0 : 22/128
task 1 : 9/128
task 2 : 11/128
task 3 : 15/128
task 4 : 31/128
task 5 : 25/128
task 6 : 15/128
task 0 : 19/128
task 1 : 11/128
task 2 : 11/128
task 3 : 14/128
task 4 : 26/128
task 5 : 23/128
task 6 : 24/128
task 0 : 10/128
task 1 : 5/128
task 2 : 22/128
task 3 : 19/128
task 4 : 28/128
task 5 : 25/128
task 6 : 19/128
task 0 : 25/128
task 1 : 7/128
task 2 : 17/128
task 3 : 18/128
task 4 : 26/128
task 5 : 22/128
task 6 : 13/128
task 0 : 13/104
task 1 : 6/104
task 2 : 14/104
task 3 : 21/104
task 4 : 18/104
task 5 : 13/104
task 6 : 19/104
[Test Accuracy: 13.100000], [Loss: 0.197039] [Correct: 0.134000]
Testing Task :---1
task 0 : 3/128
task 1 : 40/128
task 2 : 5/128
task 3 : 26/128
task 4 : 19/128
task 5 : 18/128
task 6 : 17/128
task 0 : 0/128
task 1 : 40/128
task 2 : 10/128
task 3 : 21/128
task 4 : 25/128
task 5 : 18/128
task 6 : 14/128
task 0 : 1/128
task 1 : 43/128
task 2 : 5/128
task 3 : 23/128
task 4 : 26/128
task 5 : 18/128
task 6 : 12/128
task 0 : 5/128
task 1 : 30/128
task 2 : 7/128
task 3 : 32/128
task 4 : 20/128
task 5 : 17/128
task 6 : 17/128
task 0 : 2/128
task 1 : 39/128
task 2 : 10/128
task 3 : 24/128
task 4 : 22/128
task 5 : 16/128
task 6 : 15/128
task 0 : 2/128
task 1 : 50/128
task 2 : 5/128
task 3 : 24/128
task 4 : 16/128
task 5 : 17/128
task 6 : 14/128
task 0 : 0/128
task 1 : 39/128
task 2 : 6/128
task 3 : 33/128
task 4 : 22/128
task 5 : 10/128
task 6 : 18/128
task 0 : 2/104
task 1 : 34/104
task 2 : 7/104
task 3 : 22/104
task 4 : 19/104
task 5 : 9/104
task 6 : 11/104
[Test Accuracy: 30.300000], [Loss: 0.194315] [Correct: 0.315000]
Testing Task :---2
task 0 : 4/128
task 1 : 8/128
task 2 : 61/128
task 3 : 7/128
task 4 : 22/128
task 5 : 12/128
task 6 : 14/128
task 0 : 1/128
task 1 : 10/128
task 2 : 61/128
task 3 : 1/128
task 4 : 26/128
task 5 : 16/128
task 6 : 13/128
task 0 : 4/128
task 1 : 6/128
task 2 : 59/128
task 3 : 6/128
task 4 : 27/128
task 5 : 8/128
task 6 : 18/128
task 0 : 2/128
task 1 : 6/128
task 2 : 69/128
task 3 : 4/128
task 4 : 25/128
task 5 : 10/128
task 6 : 12/128
task 0 : 3/128
task 1 : 9/128
task 2 : 67/128
task 3 : 2/128
task 4 : 21/128
task 5 : 12/128
task 6 : 14/128
task 0 : 2/128
task 1 : 4/128
task 2 : 61/128
task 3 : 4/128
task 4 : 21/128
task 5 : 11/128
task 6 : 25/128
task 0 : 5/128
task 1 : 10/128
task 2 : 56/128
task 3 : 7/128
task 4 : 23/128
task 5 : 11/128
task 6 : 16/128
task 0 : 1/104
task 1 : 6/104
task 2 : 45/104
task 3 : 7/104
task 4 : 16/104
task 5 : 13/104
task 6 : 16/104
[Test Accuracy: 46.800000], [Loss: 0.159982] [Correct: 0.479000]
Testing Task :---3
task 0 : 3/128
task 1 : 9/128
task 2 : 6/128
task 3 : 63/128
task 4 : 6/128
task 5 : 22/128
task 6 : 19/128
task 0 : 2/128
task 1 : 6/128
task 2 : 7/128
task 3 : 70/128
task 4 : 8/128
task 5 : 24/128
task 6 : 11/128
task 0 : 2/128
task 1 : 6/128
task 2 : 10/128
task 3 : 74/128
task 4 : 11/128
task 5 : 13/128
task 6 : 12/128
task 0 : 5/128
task 1 : 12/128
task 2 : 14/128
task 3 : 63/128
task 4 : 7/128
task 5 : 17/128
task 6 : 10/128
task 0 : 0/128
task 1 : 10/128
task 2 : 8/128
task 3 : 69/128
task 4 : 9/128
task 5 : 20/128
task 6 : 12/128
task 0 : 3/128
task 1 : 7/128
task 2 : 8/128
task 3 : 61/128
task 4 : 13/128
task 5 : 14/128
task 6 : 22/128
task 0 : 0/128
task 1 : 9/128
task 2 : 11/128
task 3 : 71/128
task 4 : 7/128
task 5 : 16/128
task 6 : 14/128
task 0 : 4/104
task 1 : 8/104
task 2 : 4/104
task 3 : 43/104
task 4 : 8/104
task 5 : 23/104
task 6 : 14/104
[Test Accuracy: 49.700000], [Loss: 0.199323] [Correct: 0.514000]
Testing Task :---4
task 0 : 1/128
task 1 : 6/128
task 2 : 12/128
task 3 : 12/128
task 4 : 77/128
task 5 : 6/128
task 6 : 14/128
task 0 : 3/128
task 1 : 7/128
task 2 : 14/128
task 3 : 19/128
task 4 : 76/128
task 5 : 6/128
task 6 : 3/128
task 0 : 1/128
task 1 : 8/128
task 2 : 13/128
task 3 : 15/128
task 4 : 69/128
task 5 : 11/128
task 6 : 11/128
task 0 : 3/128
task 1 : 12/128
task 2 : 9/128
task 3 : 12/128
task 4 : 75/128
task 5 : 5/128
task 6 : 12/128
task 0 : 0/128
task 1 : 2/128
task 2 : 8/128
task 3 : 19/128
task 4 : 75/128
task 5 : 9/128
task 6 : 15/128
task 0 : 2/128
task 1 : 2/128
task 2 : 5/128
task 3 : 9/128
task 4 : 89/128
task 5 : 12/128
task 6 : 9/128
task 0 : 3/128
task 1 : 6/128
task 2 : 17/128
task 3 : 12/128
task 4 : 72/128
task 5 : 7/128
task 6 : 11/128
task 0 : 0/104
task 1 : 5/104
task 2 : 12/104
task 3 : 8/104
task 4 : 62/104
task 5 : 3/104
task 6 : 14/104
[Test Accuracy: 57.600000], [Loss: 0.208496] [Correct: 0.595000]
Testing Task :---5
task 0 : 1/128
task 1 : 3/128
task 2 : 15/128
task 3 : 8/128
task 4 : 18/128
task 5 : 78/128
task 6 : 5/128
task 0 : 2/128
task 1 : 8/128
task 2 : 5/128
task 3 : 8/128
task 4 : 21/128
task 5 : 77/128
task 6 : 7/128
task 0 : 8/128
task 1 : 5/128
task 2 : 7/128
task 3 : 16/128
task 4 : 19/128
task 5 : 67/128
task 6 : 6/128
task 0 : 1/128
task 1 : 4/128
task 2 : 6/128
task 3 : 13/128
task 4 : 20/128
task 5 : 80/128
task 6 : 4/128
task 0 : 1/128
task 1 : 7/128
task 2 : 7/128
task 3 : 13/128
task 4 : 24/128
task 5 : 70/128
task 6 : 6/128
task 0 : 4/128
task 1 : 3/128
task 2 : 10/128
task 3 : 17/128
task 4 : 15/128
task 5 : 71/128
task 6 : 8/128
task 0 : 2/128
task 1 : 8/128
task 2 : 12/128
task 3 : 18/128
task 4 : 13/128
task 5 : 62/128
task 6 : 13/128
task 0 : 2/104
task 1 : 7/104
task 2 : 7/104
task 3 : 5/104
task 4 : 17/104
task 5 : 61/104
task 6 : 5/104
[Test Accuracy: 53.400000], [Loss: 0.300043] [Correct: 0.566000]
Testing Task :---6
task 0 : 1/128
task 1 : 5/128
task 2 : 10/128
task 3 : 13/128
task 4 : 10/128
task 5 : 14/128
task 6 : 75/128
task 0 : 4/128
task 1 : 7/128
task 2 : 3/128
task 3 : 10/128
task 4 : 10/128
task 5 : 16/128
task 6 : 78/128
task 0 : 0/128
task 1 : 6/128
task 2 : 8/128
task 3 : 23/128
task 4 : 13/128
task 5 : 14/128
task 6 : 64/128
task 0 : 4/128
task 1 : 3/128
task 2 : 9/128
task 3 : 11/128
task 4 : 12/128
task 5 : 12/128
task 6 : 77/128
task 0 : 4/128
task 1 : 8/128
task 2 : 4/128
task 3 : 7/128
task 4 : 11/128
task 5 : 17/128
task 6 : 77/128
task 0 : 2/128
task 1 : 7/128
task 2 : 5/128
task 3 : 11/128
task 4 : 15/128
task 5 : 19/128
task 6 : 69/128
task 0 : 1/128
task 1 : 4/128
task 2 : 11/128
task 3 : 14/128
task 4 : 12/128
task 5 : 17/128
task 6 : 69/128
task 0 : 1/104
task 1 : 7/104
task 2 : 4/104
task 3 : 6/104
task 4 : 13/104
task 5 : 10/104
task 6 : 63/104
[Test Accuracy: 56.200000], [Loss: 0.140549] [Correct: 0.572000]
acc: 43.87142857142857  Correct:  0.45357142857142857
#######################################################
Testing Task :---0
task 0 : 10/128
task 1 : 6/128
task 2 : 18/128
task 3 : 16/128
task 4 : 25/128
task 5 : 15/128
task 6 : 16/128
task 7 : 22/128
task 0 : 13/128
task 1 : 7/128
task 2 : 14/128
task 3 : 20/128
task 4 : 27/128
task 5 : 12/128
task 6 : 13/128
task 7 : 22/128
task 0 : 8/128
task 1 : 8/128
task 2 : 17/128
task 3 : 12/128
task 4 : 22/128
task 5 : 20/128
task 6 : 17/128
task 7 : 24/128
task 0 : 18/128
task 1 : 7/128
task 2 : 11/128
task 3 : 11/128
task 4 : 28/128
task 5 : 23/128
task 6 : 11/128
task 7 : 19/128
task 0 : 13/128
task 1 : 8/128
task 2 : 11/128
task 3 : 13/128
task 4 : 22/128
task 5 : 23/128
task 6 : 20/128
task 7 : 18/128
task 0 : 7/128
task 1 : 4/128
task 2 : 19/128
task 3 : 19/128
task 4 : 27/128
task 5 : 22/128
task 6 : 14/128
task 7 : 16/128
task 0 : 22/128
task 1 : 5/128
task 2 : 16/128
task 3 : 15/128
task 4 : 23/128
task 5 : 19/128
task 6 : 10/128
task 7 : 18/128
task 0 : 10/104
task 1 : 4/104
task 2 : 11/104
task 3 : 17/104
task 4 : 14/104
task 5 : 12/104
task 6 : 14/104
task 7 : 22/104
[Test Accuracy: 10.000000], [Loss: 0.135363] [Correct: 0.101000]
Testing Task :---1
task 0 : 3/128
task 1 : 36/128
task 2 : 3/128
task 3 : 22/128
task 4 : 15/128
task 5 : 14/128
task 6 : 13/128
task 7 : 22/128
task 0 : 0/128
task 1 : 31/128
task 2 : 10/128
task 3 : 14/128
task 4 : 23/128
task 5 : 14/128
task 6 : 11/128
task 7 : 25/128
task 0 : 0/128
task 1 : 37/128
task 2 : 3/128
task 3 : 18/128
task 4 : 26/128
task 5 : 15/128
task 6 : 11/128
task 7 : 18/128
task 0 : 2/128
task 1 : 26/128
task 2 : 7/128
task 3 : 29/128
task 4 : 18/128
task 5 : 13/128
task 6 : 16/128
task 7 : 17/128
task 0 : 2/128
task 1 : 34/128
task 2 : 9/128
task 3 : 18/128
task 4 : 16/128
task 5 : 11/128
task 6 : 14/128
task 7 : 24/128
task 0 : 0/128
task 1 : 42/128
task 2 : 4/128
task 3 : 22/128
task 4 : 13/128
task 5 : 16/128
task 6 : 14/128
task 7 : 17/128
task 0 : 0/128
task 1 : 35/128
task 2 : 6/128
task 3 : 30/128
task 4 : 20/128
task 5 : 8/128
task 6 : 16/128
task 7 : 13/128
task 0 : 1/104
task 1 : 29/104
task 2 : 4/104
task 3 : 17/104
task 4 : 14/104
task 5 : 8/104
task 6 : 10/104
task 7 : 21/104
[Test Accuracy: 25.900000], [Loss: 0.203163] [Correct: 0.270000]
Testing Task :---2
task 0 : 4/128
task 1 : 8/128
task 2 : 50/128
task 3 : 6/128
task 4 : 18/128
task 5 : 11/128
task 6 : 13/128
task 7 : 18/128
task 0 : 0/128
task 1 : 8/128
task 2 : 52/128
task 3 : 1/128
task 4 : 26/128
task 5 : 16/128
task 6 : 11/128
task 7 : 14/128
task 0 : 1/128
task 1 : 6/128
task 2 : 56/128
task 3 : 6/128
task 4 : 23/128
task 5 : 7/128
task 6 : 14/128
task 7 : 15/128
task 0 : 0/128
task 1 : 6/128
task 2 : 61/128
task 3 : 4/128
task 4 : 22/128
task 5 : 9/128
task 6 : 12/128
task 7 : 14/128
task 0 : 1/128
task 1 : 7/128
task 2 : 58/128
task 3 : 2/128
task 4 : 19/128
task 5 : 8/128
task 6 : 10/128
task 7 : 23/128
task 0 : 0/128
task 1 : 4/128
task 2 : 55/128
task 3 : 3/128
task 4 : 17/128
task 5 : 6/128
task 6 : 23/128
task 7 : 20/128
task 0 : 4/128
task 1 : 9/128
task 2 : 49/128
task 3 : 7/128
task 4 : 19/128
task 5 : 9/128
task 6 : 14/128
task 7 : 17/128
task 0 : 1/104
task 1 : 6/104
task 2 : 38/104
task 3 : 6/104
task 4 : 16/104
task 5 : 12/104
task 6 : 13/104
task 7 : 12/104
[Test Accuracy: 40.900000], [Loss: 0.157329] [Correct: 0.419000]
Testing Task :---3
task 0 : 3/128
task 1 : 8/128
task 2 : 5/128
task 3 : 61/128
task 4 : 5/128
task 5 : 20/128
task 6 : 15/128
task 7 : 11/128
task 0 : 2/128
task 1 : 6/128
task 2 : 6/128
task 3 : 64/128
task 4 : 7/128
task 5 : 24/128
task 6 : 6/128
task 7 : 13/128
task 0 : 1/128
task 1 : 5/128
task 2 : 9/128
task 3 : 62/128
task 4 : 11/128
task 5 : 12/128
task 6 : 12/128
task 7 : 16/128
task 0 : 5/128
task 1 : 9/128
task 2 : 11/128
task 3 : 59/128
task 4 : 4/128
task 5 : 17/128
task 6 : 10/128
task 7 : 13/128
task 0 : 0/128
task 1 : 9/128
task 2 : 8/128
task 3 : 63/128
task 4 : 8/128
task 5 : 15/128
task 6 : 10/128
task 7 : 15/128
task 0 : 2/128
task 1 : 6/128
task 2 : 7/128
task 3 : 56/128
task 4 : 13/128
task 5 : 14/128
task 6 : 20/128
task 7 : 10/128
task 0 : 0/128
task 1 : 6/128
task 2 : 10/128
task 3 : 67/128
task 4 : 7/128
task 5 : 15/128
task 6 : 13/128
task 7 : 10/128
task 0 : 2/104
task 1 : 6/104
task 2 : 3/104
task 3 : 39/104
task 4 : 8/104
task 5 : 22/104
task 6 : 14/104
task 7 : 10/104
[Test Accuracy: 45.500000], [Loss: 0.204673] [Correct: 0.471000]
Testing Task :---4
task 0 : 1/128
task 1 : 4/128
task 2 : 11/128
task 3 : 11/128
task 4 : 70/128
task 5 : 5/128
task 6 : 12/128
task 7 : 14/128
task 0 : 3/128
task 1 : 6/128
task 2 : 12/128
task 3 : 17/128
task 4 : 71/128
task 5 : 5/128
task 6 : 3/128
task 7 : 11/128
task 0 : 0/128
task 1 : 7/128
task 2 : 13/128
task 3 : 13/128
task 4 : 63/128
task 5 : 9/128
task 6 : 9/128
task 7 : 14/128
task 0 : 2/128
task 1 : 8/128
task 2 : 7/128
task 3 : 10/128
task 4 : 67/128
task 5 : 4/128
task 6 : 11/128
task 7 : 19/128
task 0 : 0/128
task 1 : 2/128
task 2 : 7/128
task 3 : 16/128
task 4 : 56/128
task 5 : 6/128
task 6 : 12/128
task 7 : 29/128
task 0 : 1/128
task 1 : 2/128
task 2 : 4/128
task 3 : 9/128
task 4 : 81/128
task 5 : 9/128
task 6 : 7/128
task 7 : 15/128
task 0 : 3/128
task 1 : 3/128
task 2 : 14/128
task 3 : 9/128
task 4 : 68/128
task 5 : 7/128
task 6 : 10/128
task 7 : 14/128
task 0 : 0/104
task 1 : 4/104
task 2 : 11/104
task 3 : 7/104
task 4 : 56/104
task 5 : 2/104
task 6 : 11/104
task 7 : 13/104
[Test Accuracy: 51.900000], [Loss: 0.168081] [Correct: 0.532000]
Testing Task :---5
task 0 : 1/128
task 1 : 3/128
task 2 : 12/128
task 3 : 7/128
task 4 : 18/128
task 5 : 72/128
task 6 : 4/128
task 7 : 11/128
task 0 : 1/128
task 1 : 6/128
task 2 : 4/128
task 3 : 8/128
task 4 : 21/128
task 5 : 69/128
task 6 : 6/128
task 7 : 13/128
task 0 : 6/128
task 1 : 4/128
task 2 : 6/128
task 3 : 16/128
task 4 : 16/128
task 5 : 61/128
task 6 : 5/128
task 7 : 14/128
task 0 : 1/128
task 1 : 4/128
task 2 : 6/128
task 3 : 11/128
task 4 : 16/128
task 5 : 69/128
task 6 : 3/128
task 7 : 18/128
task 0 : 1/128
task 1 : 6/128
task 2 : 7/128
task 3 : 12/128
task 4 : 24/128
task 5 : 61/128
task 6 : 4/128
task 7 : 13/128
task 0 : 3/128
task 1 : 2/128
task 2 : 9/128
task 3 : 15/128
task 4 : 15/128
task 5 : 69/128
task 6 : 8/128
task 7 : 7/128
task 0 : 1/128
task 1 : 7/128
task 2 : 8/128
task 3 : 16/128
task 4 : 12/128
task 5 : 58/128
task 6 : 12/128
task 7 : 14/128
task 0 : 1/104
task 1 : 6/104
task 2 : 6/104
task 3 : 3/104
task 4 : 15/104
task 5 : 57/104
task 6 : 5/104
task 7 : 11/104
[Test Accuracy: 48.700000], [Loss: 0.299513] [Correct: 0.516000]
Testing Task :---6
task 0 : 1/128
task 1 : 3/128
task 2 : 8/128
task 3 : 13/128
task 4 : 8/128
task 5 : 13/128
task 6 : 68/128
task 7 : 14/128
task 0 : 4/128
task 1 : 5/128
task 2 : 2/128
task 3 : 9/128
task 4 : 9/128
task 5 : 14/128
task 6 : 72/128
task 7 : 13/128
task 0 : 0/128
task 1 : 6/128
task 2 : 7/128
task 3 : 21/128
task 4 : 11/128
task 5 : 14/128
task 6 : 59/128
task 7 : 10/128
task 0 : 4/128
task 1 : 3/128
task 2 : 7/128
task 3 : 9/128
task 4 : 10/128
task 5 : 11/128
task 6 : 74/128
task 7 : 10/128
task 0 : 3/128
task 1 : 7/128
task 2 : 2/128
task 3 : 6/128
task 4 : 10/128
task 5 : 14/128
task 6 : 74/128
task 7 : 12/128
task 0 : 2/128
task 1 : 7/128
task 2 : 5/128
task 3 : 11/128
task 4 : 12/128
task 5 : 18/128
task 6 : 65/128
task 7 : 8/128
task 0 : 0/128
task 1 : 4/128
task 2 : 10/128
task 3 : 11/128
task 4 : 12/128
task 5 : 16/128
task 6 : 66/128
task 7 : 9/128
task 0 : 1/104
task 1 : 7/104
task 2 : 4/104
task 3 : 6/104
task 4 : 13/104
task 5 : 7/104
task 6 : 59/104
task 7 : 7/104
[Test Accuracy: 52.800000], [Loss: 0.135275] [Correct: 0.537000]
Testing Task :---7
task 0 : 2/128
task 1 : 5/128
task 2 : 10/128
task 3 : 8/128
task 4 : 10/128
task 5 : 9/128
task 6 : 21/128
task 7 : 63/128
task 0 : 0/128
task 1 : 6/128
task 2 : 10/128
task 3 : 11/128
task 4 : 12/128
task 5 : 7/128
task 6 : 21/128
task 7 : 61/128
task 0 : 2/128
task 1 : 1/128
task 2 : 7/128
task 3 : 7/128
task 4 : 6/128
task 5 : 10/128
task 6 : 18/128
task 7 : 77/128
task 0 : 3/128
task 1 : 8/128
task 2 : 6/128
task 3 : 9/128
task 4 : 13/128
task 5 : 12/128
task 6 : 11/128
task 7 : 66/128
task 0 : 1/128
task 1 : 6/128
task 2 : 5/128
task 3 : 12/128
task 4 : 7/128
task 5 : 14/128
task 6 : 25/128
task 7 : 58/128
task 0 : 3/128
task 1 : 3/128
task 2 : 9/128
task 3 : 5/128
task 4 : 13/128
task 5 : 12/128
task 6 : 26/128
task 7 : 57/128
task 0 : 0/128
task 1 : 2/128
task 2 : 9/128
task 3 : 11/128
task 4 : 13/128
task 5 : 12/128
task 6 : 20/128
task 7 : 61/128
task 0 : 0/104
task 1 : 3/104
task 2 : 5/104
task 3 : 5/104
task 4 : 14/104
task 5 : 8/104
task 6 : 12/104
task 7 : 57/104
[Test Accuracy: 48.200000], [Loss: 0.220445] [Correct: 0.500000]
acc: 40.4875  Correct:  0.41825
#######################################################
Testing Task :---0
task 0 : 6/128
task 1 : 5/128
task 2 : 17/128
task 3 : 16/128
task 4 : 22/128
task 5 : 12/128
task 6 : 13/128
task 7 : 21/128
task 8 : 16/128
task 0 : 7/128
task 1 : 6/128
task 2 : 11/128
task 3 : 17/128
task 4 : 16/128
task 5 : 5/128
task 6 : 9/128
task 7 : 19/128
task 8 : 38/128
task 0 : 7/128
task 1 : 7/128
task 2 : 13/128
task 3 : 12/128
task 4 : 20/128
task 5 : 16/128
task 6 : 12/128
task 7 : 20/128
task 8 : 21/128
task 0 : 14/128
task 1 : 6/128
task 2 : 10/128
task 3 : 9/128
task 4 : 25/128
task 5 : 22/128
task 6 : 9/128
task 7 : 18/128
task 8 : 15/128
task 0 : 8/128
task 1 : 6/128
task 2 : 7/128
task 3 : 12/128
task 4 : 17/128
task 5 : 17/128
task 6 : 18/128
task 7 : 16/128
task 8 : 27/128
task 0 : 5/128
task 1 : 2/128
task 2 : 14/128
task 3 : 17/128
task 4 : 25/128
task 5 : 17/128
task 6 : 11/128
task 7 : 12/128
task 8 : 25/128
task 0 : 12/128
task 1 : 5/128
task 2 : 12/128
task 3 : 12/128
task 4 : 20/128
task 5 : 16/128
task 6 : 8/128
task 7 : 16/128
task 8 : 27/128
task 0 : 6/104
task 1 : 3/104
task 2 : 9/104
task 3 : 17/104
task 4 : 12/104
task 5 : 11/104
task 6 : 11/104
task 7 : 20/104
task 8 : 15/104
[Test Accuracy: 6.500000], [Loss: 0.110903] [Correct: 0.065000]
Testing Task :---1
task 0 : 3/128
task 1 : 33/128
task 2 : 2/128
task 3 : 21/128
task 4 : 12/128
task 5 : 13/128
task 6 : 13/128
task 7 : 19/128
task 8 : 12/128
task 0 : 0/128
task 1 : 26/128
task 2 : 9/128
task 3 : 12/128
task 4 : 21/128
task 5 : 13/128
task 6 : 10/128
task 7 : 24/128
task 8 : 13/128
task 0 : 0/128
task 1 : 31/128
task 2 : 3/128
task 3 : 18/128
task 4 : 24/128
task 5 : 15/128
task 6 : 10/128
task 7 : 17/128
task 8 : 10/128
task 0 : 1/128
task 1 : 23/128
task 2 : 5/128
task 3 : 29/128
task 4 : 14/128
task 5 : 12/128
task 6 : 14/128
task 7 : 14/128
task 8 : 16/128
task 0 : 2/128
task 1 : 28/128
task 2 : 8/128
task 3 : 15/128
task 4 : 16/128
task 5 : 10/128
task 6 : 11/128
task 7 : 24/128
task 8 : 14/128
task 0 : 0/128
task 1 : 33/128
task 2 : 4/128
task 3 : 19/128
task 4 : 12/128
task 5 : 14/128
task 6 : 13/128
task 7 : 16/128
task 8 : 17/128
task 0 : 0/128
task 1 : 29/128
task 2 : 4/128
task 3 : 28/128
task 4 : 19/128
task 5 : 7/128
task 6 : 15/128
task 7 : 12/128
task 8 : 14/128
task 0 : 0/104
task 1 : 22/104
task 2 : 3/104
task 3 : 17/104
task 4 : 11/104
task 5 : 6/104
task 6 : 10/104
task 7 : 19/104
task 8 : 16/104
[Test Accuracy: 21.900000], [Loss: 0.169954] [Correct: 0.225000]
Testing Task :---2
task 0 : 2/128
task 1 : 7/128
task 2 : 45/128
task 3 : 6/128
task 4 : 16/128
task 5 : 8/128
task 6 : 10/128
task 7 : 17/128
task 8 : 17/128
task 0 : 0/128
task 1 : 4/128
task 2 : 47/128
task 3 : 1/128
task 4 : 23/128
task 5 : 15/128
task 6 : 8/128
task 7 : 12/128
task 8 : 18/128
task 0 : 0/128
task 1 : 3/128
task 2 : 42/128
task 3 : 5/128
task 4 : 19/128
task 5 : 7/128
task 6 : 11/128
task 7 : 11/128
task 8 : 30/128
task 0 : 0/128
task 1 : 5/128
task 2 : 54/128
task 3 : 3/128
task 4 : 19/128
task 5 : 6/128
task 6 : 10/128
task 7 : 11/128
task 8 : 20/128
task 0 : 1/128
task 1 : 7/128
task 2 : 47/128
task 3 : 2/128
task 4 : 17/128
task 5 : 8/128
task 6 : 8/128
task 7 : 18/128
task 8 : 20/128
task 0 : 0/128
task 1 : 3/128
task 2 : 46/128
task 3 : 3/128
task 4 : 15/128
task 5 : 6/128
task 6 : 15/128
task 7 : 18/128
task 8 : 22/128
task 0 : 1/128
task 1 : 7/128
task 2 : 43/128
task 3 : 5/128
task 4 : 18/128
task 5 : 8/128
task 6 : 13/128
task 7 : 14/128
task 8 : 19/128
task 0 : 1/104
task 1 : 6/104
task 2 : 34/104
task 3 : 5/104
task 4 : 16/104
task 5 : 12/104
task 6 : 11/104
task 7 : 9/104
task 8 : 10/104
[Test Accuracy: 35.000000], [Loss: 0.153586] [Correct: 0.358000]
Testing Task :---3
task 0 : 2/128
task 1 : 7/128
task 2 : 4/128
task 3 : 58/128
task 4 : 5/128
task 5 : 18/128
task 6 : 13/128
task 7 : 9/128
task 8 : 12/128
task 0 : 0/128
task 1 : 6/128
task 2 : 6/128
task 3 : 55/128
task 4 : 6/128
task 5 : 22/128
task 6 : 6/128
task 7 : 12/128
task 8 : 15/128
task 0 : 1/128
task 1 : 5/128
task 2 : 6/128
task 3 : 54/128
task 4 : 10/128
task 5 : 12/128
task 6 : 11/128
task 7 : 13/128
task 8 : 16/128
task 0 : 3/128
task 1 : 5/128
task 2 : 11/128
task 3 : 56/128
task 4 : 4/128
task 5 : 15/128
task 6 : 9/128
task 7 : 10/128
task 8 : 15/128
task 0 : 0/128
task 1 : 6/128
task 2 : 5/128
task 3 : 58/128
task 4 : 6/128
task 5 : 14/128
task 6 : 9/128
task 7 : 14/128
task 8 : 16/128
task 0 : 2/128
task 1 : 5/128
task 2 : 7/128
task 3 : 49/128
task 4 : 12/128
task 5 : 13/128
task 6 : 17/128
task 7 : 10/128
task 8 : 13/128
task 0 : 0/128
task 1 : 6/128
task 2 : 9/128
task 3 : 63/128
task 4 : 7/128
task 5 : 12/128
task 6 : 13/128
task 7 : 9/128
task 8 : 9/128
task 0 : 2/104
task 1 : 6/104
task 2 : 3/104
task 3 : 34/104
task 4 : 7/104
task 5 : 19/104
task 6 : 14/104
task 7 : 9/104
task 8 : 10/104
[Test Accuracy: 41.200000], [Loss: 0.209139] [Correct: 0.427000]
Testing Task :---4
task 0 : 1/128
task 1 : 4/128
task 2 : 10/128
task 3 : 11/128
task 4 : 58/128
task 5 : 4/128
task 6 : 10/128
task 7 : 13/128
task 8 : 17/128
task 0 : 3/128
task 1 : 6/128
task 2 : 9/128
task 3 : 17/128
task 4 : 59/128
task 5 : 4/128
task 6 : 3/128
task 7 : 9/128
task 8 : 18/128
task 0 : 0/128
task 1 : 7/128
task 2 : 11/128
task 3 : 13/128
task 4 : 56/128
task 5 : 8/128
task 6 : 7/128
task 7 : 12/128
task 8 : 14/128
task 0 : 2/128
task 1 : 6/128
task 2 : 6/128
task 3 : 9/128
task 4 : 57/128
task 5 : 4/128
task 6 : 9/128
task 7 : 18/128
task 8 : 17/128
task 0 : 0/128
task 1 : 2/128
task 2 : 7/128
task 3 : 15/128
task 4 : 51/128
task 5 : 6/128
task 6 : 10/128
task 7 : 23/128
task 8 : 14/128
task 0 : 1/128
task 1 : 2/128
task 2 : 4/128
task 3 : 9/128
task 4 : 69/128
task 5 : 9/128
task 6 : 6/128
task 7 : 14/128
task 8 : 14/128
task 0 : 3/128
task 1 : 3/128
task 2 : 12/128
task 3 : 8/128
task 4 : 61/128
task 5 : 5/128
task 6 : 7/128
task 7 : 10/128
task 8 : 19/128
task 0 : 0/104
task 1 : 3/104
task 2 : 11/104
task 3 : 7/104
task 4 : 50/104
task 5 : 2/104
task 6 : 11/104
task 7 : 13/104
task 8 : 7/104
[Test Accuracy: 45.000000], [Loss: 0.166759] [Correct: 0.461000]
Testing Task :---5
task 0 : 1/128
task 1 : 2/128
task 2 : 11/128
task 3 : 7/128
task 4 : 12/128
task 5 : 63/128
task 6 : 4/128
task 7 : 10/128
task 8 : 18/128
task 0 : 0/128
task 1 : 4/128
task 2 : 4/128
task 3 : 7/128
task 4 : 16/128
task 5 : 59/128
task 6 : 5/128
task 7 : 13/128
task 8 : 20/128
task 0 : 5/128
task 1 : 3/128
task 2 : 6/128
task 3 : 14/128
task 4 : 13/128
task 5 : 54/128
task 6 : 5/128
task 7 : 8/128
task 8 : 20/128
task 0 : 0/128
task 1 : 4/128
task 2 : 4/128
task 3 : 10/128
task 4 : 13/128
task 5 : 65/128
task 6 : 3/128
task 7 : 17/128
task 8 : 12/128
task 0 : 1/128
task 1 : 6/128
task 2 : 6/128
task 3 : 11/128
task 4 : 23/128
task 5 : 58/128
task 6 : 3/128
task 7 : 13/128
task 8 : 7/128
task 0 : 2/128
task 1 : 1/128
task 2 : 7/128
task 3 : 12/128
task 4 : 10/128
task 5 : 67/128
task 6 : 8/128
task 7 : 5/128
task 8 : 16/128
task 0 : 0/128
task 1 : 4/128
task 2 : 6/128
task 3 : 14/128
task 4 : 9/128
task 5 : 48/128
task 6 : 9/128
task 7 : 13/128
task 8 : 25/128
task 0 : 1/104
task 1 : 4/104
task 2 : 5/104
task 3 : 2/104
task 4 : 11/104
task 5 : 53/104
task 6 : 5/104
task 7 : 9/104
task 8 : 14/104
[Test Accuracy: 44.100000], [Loss: 0.304809] [Correct: 0.467000]
Testing Task :---6
task 0 : 1/128
task 1 : 3/128
task 2 : 7/128
task 3 : 12/128
task 4 : 7/128
task 5 : 10/128
task 6 : 65/128
task 7 : 13/128
task 8 : 10/128
task 0 : 4/128
task 1 : 4/128
task 2 : 1/128
task 3 : 8/128
task 4 : 8/128
task 5 : 11/128
task 6 : 65/128
task 7 : 12/128
task 8 : 15/128
task 0 : 0/128
task 1 : 6/128
task 2 : 7/128
task 3 : 17/128
task 4 : 11/128
task 5 : 14/128
task 6 : 54/128
task 7 : 10/128
task 8 : 9/128
task 0 : 1/128
task 1 : 1/128
task 2 : 7/128
task 3 : 9/128
task 4 : 9/128
task 5 : 11/128
task 6 : 71/128
task 7 : 6/128
task 8 : 13/128
task 0 : 2/128
task 1 : 6/128
task 2 : 1/128
task 3 : 6/128
task 4 : 10/128
task 5 : 12/128
task 6 : 69/128
task 7 : 12/128
task 8 : 10/128
task 0 : 2/128
task 1 : 7/128
task 2 : 4/128
task 3 : 9/128
task 4 : 12/128
task 5 : 15/128
task 6 : 63/128
task 7 : 6/128
task 8 : 10/128
task 0 : 0/128
task 1 : 4/128
task 2 : 6/128
task 3 : 11/128
task 4 : 12/128
task 5 : 16/128
task 6 : 62/128
task 7 : 8/128
task 8 : 9/128
task 0 : 1/104
task 1 : 6/104
task 2 : 4/104
task 3 : 6/104
task 4 : 11/104
task 5 : 6/104
task 6 : 56/104
task 7 : 5/104
task 8 : 9/104
[Test Accuracy: 49.600000], [Loss: 0.139319] [Correct: 0.505000]
Testing Task :---7
task 0 : 2/128
task 1 : 5/128
task 2 : 9/128
task 3 : 7/128
task 4 : 9/128
task 5 : 8/128
task 6 : 19/128
task 7 : 62/128
task 8 : 7/128
task 0 : 0/128
task 1 : 6/128
task 2 : 7/128
task 3 : 10/128
task 4 : 12/128
task 5 : 7/128
task 6 : 19/128
task 7 : 58/128
task 8 : 9/128
task 0 : 2/128
task 1 : 1/128
task 2 : 7/128
task 3 : 7/128
task 4 : 6/128
task 5 : 10/128
task 6 : 18/128
task 7 : 74/128
task 8 : 3/128
task 0 : 3/128
task 1 : 6/128
task 2 : 4/128
task 3 : 6/128
task 4 : 13/128
task 5 : 11/128
task 6 : 11/128
task 7 : 66/128
task 8 : 8/128
task 0 : 1/128
task 1 : 6/128
task 2 : 4/128
task 3 : 12/128
task 4 : 7/128
task 5 : 13/128
task 6 : 23/128
task 7 : 55/128
task 8 : 7/128
task 0 : 2/128
task 1 : 3/128
task 2 : 8/128
task 3 : 3/128
task 4 : 13/128
task 5 : 12/128
task 6 : 26/128
task 7 : 57/128
task 8 : 4/128
task 0 : 0/128
task 1 : 2/128
task 2 : 9/128
task 3 : 9/128
task 4 : 11/128
task 5 : 11/128
task 6 : 19/128
task 7 : 57/128
task 8 : 10/128
task 0 : 0/104
task 1 : 2/104
task 2 : 5/104
task 3 : 5/104
task 4 : 14/104
task 5 : 8/104
task 6 : 11/104
task 7 : 57/104
task 8 : 2/104
[Test Accuracy: 46.800000], [Loss: 0.225103] [Correct: 0.486000]
Testing Task :---8
task 0 : 2/128
task 1 : 4/128
task 2 : 6/128
task 3 : 5/128
task 4 : 14/128
task 5 : 8/128
task 6 : 12/128
task 7 : 9/128
task 8 : 68/128
task 0 : 1/128
task 1 : 5/128
task 2 : 3/128
task 3 : 7/128
task 4 : 8/128
task 5 : 15/128
task 6 : 7/128
task 7 : 10/128
task 8 : 72/128
task 0 : 1/128
task 1 : 5/128
task 2 : 2/128
task 3 : 14/128
task 4 : 9/128
task 5 : 8/128
task 6 : 11/128
task 7 : 10/128
task 8 : 68/128
task 0 : 1/128
task 1 : 3/128
task 2 : 2/128
task 3 : 10/128
task 4 : 12/128
task 5 : 16/128
task 6 : 7/128
task 7 : 11/128
task 8 : 66/128
task 0 : 1/128
task 1 : 3/128
task 2 : 5/128
task 3 : 6/128
task 4 : 13/128
task 5 : 13/128
task 6 : 14/128
task 7 : 11/128
task 8 : 62/128
task 0 : 2/128
task 1 : 4/128
task 2 : 5/128
task 3 : 6/128
task 4 : 15/128
task 5 : 13/128
task 6 : 14/128
task 7 : 6/128
task 8 : 63/128
task 0 : 3/128
task 1 : 8/128
task 2 : 4/128
task 3 : 4/128
task 4 : 5/128
task 5 : 9/128
task 6 : 7/128
task 7 : 8/128
task 8 : 80/128
task 0 : 1/104
task 1 : 5/104
task 2 : 5/104
task 3 : 6/104
task 4 : 7/104
task 5 : 7/104
task 6 : 10/104
task 7 : 3/104
task 8 : 60/104
[Test Accuracy: 52.500000], [Loss: 0.160936] [Correct: 0.539000]
acc: 38.06666666666667  Correct:  0.39255555555555555
#######################################################
Testing Task :---0
task 0 : 6/128
task 1 : 3/128
task 2 : 16/128
task 3 : 10/128
task 4 : 20/128
task 5 : 8/128
task 6 : 9/128
task 7 : 19/128
task 8 : 15/128
task 9 : 22/128
task 0 : 7/128
task 1 : 6/128
task 2 : 8/128
task 3 : 11/128
task 4 : 12/128
task 5 : 4/128
task 6 : 9/128
task 7 : 17/128
task 8 : 35/128
task 9 : 19/128
task 0 : 4/128
task 1 : 6/128
task 2 : 12/128
task 3 : 12/128
task 4 : 17/128
task 5 : 10/128
task 6 : 12/128
task 7 : 19/128
task 8 : 20/128
task 9 : 16/128
task 0 : 8/128
task 1 : 5/128
task 2 : 6/128
task 3 : 7/128
task 4 : 22/128
task 5 : 21/128
task 6 : 6/128
task 7 : 18/128
task 8 : 14/128
task 9 : 21/128
task 0 : 6/128
task 1 : 6/128
task 2 : 6/128
task 3 : 11/128
task 4 : 13/128
task 5 : 17/128
task 6 : 16/128
task 7 : 15/128
task 8 : 24/128
task 9 : 14/128
task 0 : 4/128
task 1 : 1/128
task 2 : 13/128
task 3 : 14/128
task 4 : 25/128
task 5 : 12/128
task 6 : 9/128
task 7 : 11/128
task 8 : 24/128
task 9 : 15/128
task 0 : 10/128
task 1 : 4/128
task 2 : 9/128
task 3 : 10/128
task 4 : 15/128
task 5 : 14/128
task 6 : 8/128
task 7 : 15/128
task 8 : 24/128
task 9 : 19/128
task 0 : 4/104
task 1 : 2/104
task 2 : 7/104
task 3 : 16/104
task 4 : 8/104
task 5 : 10/104
task 6 : 10/104
task 7 : 19/104
task 8 : 14/104
task 9 : 14/104
[Test Accuracy: 4.900000], [Loss: 0.114794] [Correct: 0.049000]
Testing Task :---1
task 0 : 2/128
task 1 : 25/128
task 2 : 2/128
task 3 : 19/128
task 4 : 9/128
task 5 : 13/128
task 6 : 12/128
task 7 : 18/128
task 8 : 11/128
task 9 : 17/128
task 0 : 0/128
task 1 : 17/128
task 2 : 8/128
task 3 : 9/128
task 4 : 16/128
task 5 : 13/128
task 6 : 9/128
task 7 : 24/128
task 8 : 13/128
task 9 : 19/128
task 0 : 0/128
task 1 : 24/128
task 2 : 3/128
task 3 : 15/128
task 4 : 20/128
task 5 : 14/128
task 6 : 7/128
task 7 : 17/128
task 8 : 6/128
task 9 : 22/128
task 0 : 0/128
task 1 : 19/128
task 2 : 4/128
task 3 : 24/128
task 4 : 12/128
task 5 : 11/128
task 6 : 12/128
task 7 : 12/128
task 8 : 13/128
task 9 : 21/128
task 0 : 1/128
task 1 : 26/128
task 2 : 5/128
task 3 : 15/128
task 4 : 15/128
task 5 : 8/128
task 6 : 10/128
task 7 : 23/128
task 8 : 10/128
task 9 : 15/128
task 0 : 0/128
task 1 : 27/128
task 2 : 4/128
task 3 : 18/128
task 4 : 9/128
task 5 : 14/128
task 6 : 10/128
task 7 : 13/128
task 8 : 17/128
task 9 : 16/128
task 0 : 0/128
task 1 : 24/128
task 2 : 4/128
task 3 : 24/128
task 4 : 17/128
task 5 : 5/128
task 6 : 12/128
task 7 : 12/128
task 8 : 14/128
task 9 : 16/128
task 0 : 0/104
task 1 : 22/104
task 2 : 3/104
task 3 : 13/104
task 4 : 10/104
task 5 : 6/104
task 6 : 10/104
task 7 : 16/104
task 8 : 15/104
task 9 : 9/104
[Test Accuracy: 17.900000], [Loss: 0.191183] [Correct: 0.184000]
Testing Task :---2
task 0 : 0/128
task 1 : 6/128
task 2 : 42/128
task 3 : 6/128
task 4 : 13/128
task 5 : 8/128
task 6 : 9/128
task 7 : 15/128
task 8 : 17/128
task 9 : 12/128
task 0 : 0/128
task 1 : 4/128
task 2 : 39/128
task 3 : 1/128
task 4 : 22/128
task 5 : 14/128
task 6 : 8/128
task 7 : 11/128
task 8 : 17/128
task 9 : 12/128
task 0 : 0/128
task 1 : 3/128
task 2 : 40/128
task 3 : 3/128
task 4 : 17/128
task 5 : 7/128
task 6 : 10/128
task 7 : 10/128
task 8 : 28/128
task 9 : 10/128
task 0 : 0/128
task 1 : 5/128
task 2 : 44/128
task 3 : 2/128
task 4 : 17/128
task 5 : 6/128
task 6 : 9/128
task 7 : 9/128
task 8 : 20/128
task 9 : 16/128
task 0 : 1/128
task 1 : 6/128
task 2 : 42/128
task 3 : 2/128
task 4 : 17/128
task 5 : 5/128
task 6 : 6/128
task 7 : 18/128
task 8 : 20/128
task 9 : 11/128
task 0 : 0/128
task 1 : 3/128
task 2 : 40/128
task 3 : 2/128
task 4 : 15/128
task 5 : 5/128
task 6 : 14/128
task 7 : 18/128
task 8 : 22/128
task 9 : 9/128
task 0 : 1/128
task 1 : 6/128
task 2 : 38/128
task 3 : 5/128
task 4 : 15/128
task 5 : 5/128
task 6 : 12/128
task 7 : 12/128
task 8 : 18/128
task 9 : 16/128
task 0 : 1/104
task 1 : 6/104
task 2 : 33/104
task 3 : 5/104
task 4 : 14/104
task 5 : 10/104
task 6 : 9/104
task 7 : 9/104
task 8 : 10/104
task 9 : 7/104
[Test Accuracy: 31.000000], [Loss: 0.167167] [Correct: 0.318000]
Testing Task :---3
task 0 : 1/128
task 1 : 6/128
task 2 : 3/128
task 3 : 53/128
task 4 : 4/128
task 5 : 16/128
task 6 : 12/128
task 7 : 6/128
task 8 : 11/128
task 9 : 16/128
task 0 : 0/128
task 1 : 5/128
task 2 : 6/128
task 3 : 46/128
task 4 : 6/128
task 5 : 18/128
task 6 : 5/128
task 7 : 12/128
task 8 : 13/128
task 9 : 17/128
task 0 : 1/128
task 1 : 3/128
task 2 : 6/128
task 3 : 46/128
task 4 : 6/128
task 5 : 12/128
task 6 : 9/128
task 7 : 13/128
task 8 : 14/128
task 9 : 18/128
task 0 : 3/128
task 1 : 5/128
task 2 : 11/128
task 3 : 45/128
task 4 : 3/128
task 5 : 15/128
task 6 : 8/128
task 7 : 9/128
task 8 : 13/128
task 9 : 16/128
task 0 : 0/128
task 1 : 2/128
task 2 : 4/128
task 3 : 48/128
task 4 : 5/128
task 5 : 12/128
task 6 : 7/128
task 7 : 11/128
task 8 : 15/128
task 9 : 24/128
task 0 : 2/128
task 1 : 4/128
task 2 : 5/128
task 3 : 40/128
task 4 : 9/128
task 5 : 11/128
task 6 : 16/128
task 7 : 9/128
task 8 : 12/128
task 9 : 20/128
task 0 : 0/128
task 1 : 6/128
task 2 : 6/128
task 3 : 51/128
task 4 : 5/128
task 5 : 12/128
task 6 : 12/128
task 7 : 8/128
task 8 : 8/128
task 9 : 20/128
task 0 : 1/104
task 1 : 2/104
task 2 : 3/104
task 3 : 31/104
task 4 : 3/104
task 5 : 16/104
task 6 : 11/104
task 7 : 8/104
task 8 : 8/104
task 9 : 21/104
[Test Accuracy: 34.800000], [Loss: 0.204499] [Correct: 0.360000]
Testing Task :---4
task 0 : 0/128
task 1 : 3/128
task 2 : 9/128
task 3 : 7/128
task 4 : 46/128
task 5 : 3/128
task 6 : 10/128
task 7 : 13/128
task 8 : 16/128
task 9 : 21/128
task 0 : 1/128
task 1 : 4/128
task 2 : 9/128
task 3 : 10/128
task 4 : 54/128
task 5 : 4/128
task 6 : 2/128
task 7 : 8/128
task 8 : 15/128
task 9 : 21/128
task 0 : 0/128
task 1 : 4/128
task 2 : 10/128
task 3 : 10/128
task 4 : 46/128
task 5 : 7/128
task 6 : 7/128
task 7 : 11/128
task 8 : 14/128
task 9 : 19/128
task 0 : 2/128
task 1 : 4/128
task 2 : 6/128
task 3 : 5/128
task 4 : 51/128
task 5 : 4/128
task 6 : 9/128
task 7 : 15/128
task 8 : 15/128
task 9 : 17/128
task 0 : 0/128
task 1 : 2/128
task 2 : 6/128
task 3 : 11/128
task 4 : 47/128
task 5 : 6/128
task 6 : 9/128
task 7 : 21/128
task 8 : 14/128
task 9 : 12/128
task 0 : 0/128
task 1 : 2/128
task 2 : 3/128
task 3 : 7/128
task 4 : 61/128
task 5 : 6/128
task 6 : 4/128
task 7 : 13/128
task 8 : 13/128
task 9 : 19/128
task 0 : 2/128
task 1 : 2/128
task 2 : 12/128
task 3 : 5/128
task 4 : 54/128
task 5 : 5/128
task 6 : 7/128
task 7 : 6/128
task 8 : 17/128
task 9 : 18/128
task 0 : 0/104
task 1 : 3/104
task 2 : 10/104
task 3 : 7/104
task 4 : 40/104
task 5 : 2/104
task 6 : 10/104
task 7 : 12/104
task 8 : 7/104
task 9 : 13/104
[Test Accuracy: 38.900000], [Loss: 0.175132] [Correct: 0.399000]
Testing Task :---5
task 0 : 1/128
task 1 : 2/128
task 2 : 9/128
task 3 : 5/128
task 4 : 7/128
task 5 : 54/128
task 6 : 4/128
task 7 : 9/128
task 8 : 14/128
task 9 : 23/128
task 0 : 0/128
task 1 : 3/128
task 2 : 4/128
task 3 : 6/128
task 4 : 9/128
task 5 : 51/128
task 6 : 5/128
task 7 : 8/128
task 8 : 16/128
task 9 : 26/128
task 0 : 4/128
task 1 : 3/128
task 2 : 3/128
task 3 : 12/128
task 4 : 8/128
task 5 : 51/128
task 6 : 4/128
task 7 : 7/128
task 8 : 18/128
task 9 : 18/128
task 0 : 0/128
task 1 : 3/128
task 2 : 2/128
task 3 : 8/128
task 4 : 12/128
task 5 : 56/128
task 6 : 3/128
task 7 : 14/128
task 8 : 11/128
task 9 : 19/128
task 0 : 1/128
task 1 : 3/128
task 2 : 5/128
task 3 : 9/128
task 4 : 13/128
task 5 : 47/128
task 6 : 3/128
task 7 : 11/128
task 8 : 6/128
task 9 : 30/128
task 0 : 1/128
task 1 : 1/128
task 2 : 6/128
task 3 : 10/128
task 4 : 6/128
task 5 : 60/128
task 6 : 8/128
task 7 : 5/128
task 8 : 13/128
task 9 : 18/128
task 0 : 0/128
task 1 : 3/128
task 2 : 4/128
task 3 : 11/128
task 4 : 7/128
task 5 : 40/128
task 6 : 7/128
task 7 : 9/128
task 8 : 23/128
task 9 : 24/128
task 0 : 0/104
task 1 : 4/104
task 2 : 4/104
task 3 : 2/104
task 4 : 8/104
task 5 : 48/104
task 6 : 5/104
task 7 : 9/104
task 8 : 14/104
task 9 : 10/104
[Test Accuracy: 38.500000], [Loss: 0.296681] [Correct: 0.407000]
Testing Task :---6
task 0 : 1/128
task 1 : 3/128
task 2 : 6/128
task 3 : 11/128
task 4 : 6/128
task 5 : 8/128
task 6 : 60/128
task 7 : 12/128
task 8 : 8/128
task 9 : 13/128
task 0 : 3/128
task 1 : 2/128
task 2 : 1/128
task 3 : 7/128
task 4 : 6/128
task 5 : 10/128
task 6 : 58/128
task 7 : 11/128
task 8 : 12/128
task 9 : 18/128
task 0 : 0/128
task 1 : 4/128
task 2 : 4/128
task 3 : 17/128
task 4 : 9/128
task 5 : 7/128
task 6 : 50/128
task 7 : 9/128
task 8 : 9/128
task 9 : 19/128
task 0 : 0/128
task 1 : 1/128
task 2 : 5/128
task 3 : 9/128
task 4 : 8/128
task 5 : 9/128
task 6 : 60/128
task 7 : 5/128
task 8 : 11/128
task 9 : 20/128
task 0 : 2/128
task 1 : 6/128
task 2 : 1/128
task 3 : 4/128
task 4 : 8/128
task 5 : 12/128
task 6 : 59/128
task 7 : 11/128
task 8 : 9/128
task 9 : 16/128
task 0 : 1/128
task 1 : 6/128
task 2 : 3/128
task 3 : 7/128
task 4 : 11/128
task 5 : 11/128
task 6 : 59/128
task 7 : 5/128
task 8 : 7/128
task 9 : 18/128
task 0 : 0/128
task 1 : 3/128
task 2 : 6/128
task 3 : 11/128
task 4 : 11/128
task 5 : 15/128
task 6 : 45/128
task 7 : 8/128
task 8 : 8/128
task 9 : 21/128
task 0 : 1/104
task 1 : 6/104
task 2 : 4/104
task 3 : 5/104
task 4 : 8/104
task 5 : 6/104
task 6 : 46/104
task 7 : 4/104
task 8 : 6/104
task 9 : 18/104
[Test Accuracy: 42.800000], [Loss: 0.149090] [Correct: 0.437000]
Testing Task :---7
task 0 : 0/128
task 1 : 4/128
task 2 : 6/128
task 3 : 6/128
task 4 : 7/128
task 5 : 7/128
task 6 : 17/128
task 7 : 52/128
task 8 : 5/128
task 9 : 24/128
task 0 : 0/128
task 1 : 5/128
task 2 : 6/128
task 3 : 8/128
task 4 : 10/128
task 5 : 7/128
task 6 : 17/128
task 7 : 51/128
task 8 : 8/128
task 9 : 16/128
task 0 : 1/128
task 1 : 1/128
task 2 : 5/128
task 3 : 6/128
task 4 : 5/128
task 5 : 9/128
task 6 : 16/128
task 7 : 69/128
task 8 : 2/128
task 9 : 14/128
task 0 : 3/128
task 1 : 4/128
task 2 : 4/128
task 3 : 5/128
task 4 : 12/128
task 5 : 5/128
task 6 : 9/128
task 7 : 58/128
task 8 : 7/128
task 9 : 21/128
task 0 : 1/128
task 1 : 3/128
task 2 : 4/128
task 3 : 11/128
task 4 : 5/128
task 5 : 12/128
task 6 : 21/128
task 7 : 47/128
task 8 : 6/128
task 9 : 18/128
task 0 : 2/128
task 1 : 3/128
task 2 : 6/128
task 3 : 2/128
task 4 : 12/128
task 5 : 7/128
task 6 : 23/128
task 7 : 52/128
task 8 : 4/128
task 9 : 17/128
task 0 : 0/128
task 1 : 2/128
task 2 : 7/128
task 3 : 7/128
task 4 : 6/128
task 5 : 10/128
task 6 : 16/128
task 7 : 49/128
task 8 : 9/128
task 9 : 22/128
task 0 : 0/104
task 1 : 1/104
task 2 : 2/104
task 3 : 5/104
task 4 : 10/104
task 5 : 8/104
task 6 : 10/104
task 7 : 47/104
task 8 : 2/104
task 9 : 19/104
[Test Accuracy: 41.000000], [Loss: 0.212511] [Correct: 0.425000]
Testing Task :---8
task 0 : 1/128
task 1 : 3/128
task 2 : 5/128
task 3 : 5/128
task 4 : 13/128
task 5 : 7/128
task 6 : 11/128
task 7 : 8/128
task 8 : 65/128
task 9 : 10/128
task 0 : 1/128
task 1 : 3/128
task 2 : 2/128
task 3 : 6/128
task 4 : 8/128
task 5 : 12/128
task 6 : 7/128
task 7 : 10/128
task 8 : 69/128
task 9 : 10/128
task 0 : 1/128
task 1 : 4/128
task 2 : 2/128
task 3 : 13/128
task 4 : 7/128
task 5 : 8/128
task 6 : 11/128
task 7 : 7/128
task 8 : 65/128
task 9 : 10/128
task 0 : 1/128
task 1 : 2/128
task 2 : 2/128
task 3 : 9/128
task 4 : 11/128
task 5 : 12/128
task 6 : 6/128
task 7 : 11/128
task 8 : 63/128
task 9 : 11/128
task 0 : 1/128
task 1 : 3/128
task 2 : 4/128
task 3 : 6/128
task 4 : 11/128
task 5 : 10/128
task 6 : 14/128
task 7 : 9/128
task 8 : 57/128
task 9 : 13/128
task 0 : 1/128
task 1 : 3/128
task 2 : 5/128
task 3 : 6/128
task 4 : 14/128
task 5 : 12/128
task 6 : 14/128
task 7 : 5/128
task 8 : 60/128
task 9 : 8/128
task 0 : 0/128
task 1 : 5/128
task 2 : 4/128
task 3 : 4/128
task 4 : 4/128
task 5 : 9/128
task 6 : 7/128
task 7 : 8/128
task 8 : 77/128
task 9 : 10/128
task 0 : 1/104
task 1 : 4/104
task 2 : 3/104
task 3 : 5/104
task 4 : 5/104
task 5 : 7/104
task 6 : 10/104
task 7 : 2/104
task 8 : 56/104
task 9 : 11/104
[Test Accuracy: 50.000000], [Loss: 0.153246] [Correct: 0.512000]
Testing Task :---9
task 0 : 0/128
task 1 : 3/128
task 2 : 4/128
task 3 : 9/128
task 4 : 8/128
task 5 : 10/128
task 6 : 10/128
task 7 : 7/128
task 8 : 5/128
task 9 : 72/128
task 0 : 1/128
task 1 : 1/128
task 2 : 3/128
task 3 : 14/128
task 4 : 8/128
task 5 : 6/128
task 6 : 15/128
task 7 : 10/128
task 8 : 5/128
task 9 : 65/128
task 0 : 0/128
task 1 : 3/128
task 2 : 1/128
task 3 : 11/128
task 4 : 6/128
task 5 : 6/128
task 6 : 9/128
task 7 : 9/128
task 8 : 8/128
task 9 : 75/128
task 0 : 1/128
task 1 : 1/128
task 2 : 3/128
task 3 : 13/128
task 4 : 6/128
task 5 : 6/128
task 6 : 10/128
task 7 : 5/128
task 8 : 17/128
task 9 : 66/128
task 0 : 0/128
task 1 : 0/128
task 2 : 2/128
task 3 : 20/128
task 4 : 8/128
task 5 : 5/128
task 6 : 10/128
task 7 : 5/128
task 8 : 14/128
task 9 : 64/128
task 0 : 0/128
task 1 : 0/128
task 2 : 5/128
task 3 : 19/128
task 4 : 8/128
task 5 : 7/128
task 6 : 12/128
task 7 : 14/128
task 8 : 11/128
task 9 : 52/128
task 0 : 0/128
task 1 : 1/128
task 2 : 0/128
task 3 : 17/128
task 4 : 9/128
task 5 : 12/128
task 6 : 9/128
task 7 : 16/128
task 8 : 5/128
task 9 : 59/128
task 0 : 0/104
task 1 : 3/104
task 2 : 2/104
task 3 : 10/104
task 4 : 9/104
task 5 : 8/104
task 6 : 10/104
task 7 : 6/104
task 8 : 10/104
task 9 : 46/104
[Test Accuracy: 49.300000], [Loss: 0.104826] [Correct: 0.499000]
acc: 34.91  Correct:  0.35900000000000004
[92.2        75.7        66.13333333 57.5        50.26       46.3
 43.87142857 40.4875     38.06666667 34.91      ]

end time : 1639409543.0581822
